TN:
SF:src\array.ts
FN:17,chain
FN:38,chunk
FN:88,clone
FN:99,drop
FN:116,findBy
FN:125,(anonymous_5)
FN:135,findLastIndex
FN:151,first
FN:161,fromIterable
FN:171,fromMixed
FN:183,fromRange
FN:197,fromString
FN:209,get
FN:226,includesBy
FN:235,(anonymous_14)
FN:245,intersection
FN:256,last
FN:267,omit
FN:271,(anonymous_18)
FN:281,push
FN:293,pushOrReplaceBy
FN:310,pushUnique
FN:312,(anonymous_22)
FN:323,random
FN:335,removeBy
FN:344,(anonymous_25)
FN:355,replace
FN:376,replaceBy
FN:385,(anonymous_28)
FN:394,reverse
FN:410,second
FN:421,sort
FN:440,third
FN:452,toggleBy
FN:467,truncate
FN:479,uniqueBy
FN:488,(anonymous_36)
FN:506,unshift
FN:518,unshiftOrReplaceBy
FN:535,unshiftUnique
FN:537,(anonymous_40)
FN:591,mixedToReduce
FN:595,(anonymous_42)
FNF:43
FNH:43
FNDA:1,chain
FNDA:1,chunk
FNDA:14,clone
FNDA:1,drop
FNDA:4,findBy
FNDA:12,(anonymous_5)
FNDA:2,findLastIndex
FNDA:4,first
FNDA:5,fromIterable
FNDA:2,fromMixed
FNDA:5,fromRange
FNDA:1,fromString
FNDA:518,get
FNDA:10,includesBy
FNDA:24,(anonymous_14)
FNDA:1,intersection
FNDA:3,last
FNDA:3,omit
FNDA:9,(anonymous_18)
FNDA:4,push
FNDA:2,pushOrReplaceBy
FNDA:1,pushUnique
FNDA:3,(anonymous_22)
FNDA:502,random
FNDA:3,removeBy
FNDA:12,(anonymous_25)
FNDA:1,replace
FNDA:4,replaceBy
FNDA:14,(anonymous_28)
FNDA:3,reverse
FNDA:3,second
FNDA:6,sort
FNDA:3,third
FNDA:2,toggleBy
FNDA:1,truncate
FNDA:2,uniqueBy
FNDA:8,(anonymous_36)
FNDA:3,unshift
FNDA:2,unshiftOrReplaceBy
FNDA:1,unshiftUnique
FNDA:3,(anonymous_40)
FNDA:23,mixedToReduce
FNDA:58,(anonymous_42)
DA:5,24
DA:6,24
DA:7,24
DA:9,24
DA:17,24
DA:18,1
DA:20,1
DA:22,1
DA:23,4
DA:24,4
DA:27,1
DA:38,24
DA:39,1
DA:88,24
DA:89,14
DA:99,24
DA:100,1
DA:105,1
DA:116,24
DA:121,4
DA:123,4
DA:125,12
DA:135,24
DA:139,2
DA:141,2
DA:151,24
DA:152,4
DA:161,24
DA:162,5
DA:171,24
DA:172,2
DA:183,24
DA:184,5
DA:186,207
DA:188,5
DA:197,24
DA:198,1
DA:209,24
DA:210,518
DA:215,517
DA:226,24
DA:231,10
DA:233,10
DA:235,24
DA:245,24
DA:246,1
DA:256,24
DA:257,3
DA:267,24
DA:271,9
DA:281,24
DA:282,4
DA:293,24
DA:298,2
DA:310,24
DA:311,1
DA:312,3
DA:323,24
DA:324,502
DA:335,24
DA:340,3
DA:342,3
DA:344,12
DA:355,24
DA:360,1
DA:365,1
DA:376,24
DA:381,4
DA:383,4
DA:385,14
DA:394,24
DA:395,3
DA:398,3
DA:400,3
DA:410,24
DA:411,3
DA:421,24
DA:425,6
DA:428,6
DA:430,6
DA:440,24
DA:441,3
DA:452,24
DA:457,2
DA:467,24
DA:469,1
DA:479,24
DA:483,2
DA:486,2
DA:488,2
DA:489,8
DA:491,8
DA:493,6
DA:495,6
DA:506,24
DA:507,3
DA:518,24
DA:523,2
DA:535,24
DA:536,1
DA:537,3
DA:594,23
DA:595,58
LF:103
LH:103
BRDA:141,0,0,1
BRDA:141,0,1,1
BRDA:172,1,0,1
BRDA:172,1,1,1
BRDA:183,2,0,3
BRDA:298,3,0,1
BRDA:298,3,1,1
BRDA:385,4,0,6
BRDA:385,4,1,8
BRDA:457,5,0,1
BRDA:457,5,1,1
BRDA:491,6,0,2
BRDA:523,7,0,1
BRDA:523,7,1,1
BRDA:594,8,0,15
BRDA:594,8,1,8
BRF:16
BRH:16
end_of_record
TN:
SF:src\assertions.ts
FN:28,(anonymous_0)
FN:55,(anonymous_1)
FN:59,(anonymous_2)
FN:87,(anonymous_3)
FN:91,(anonymous_4)
FN:124,(anonymous_5)
FN:128,(anonymous_6)
FN:161,(anonymous_7)
FN:165,(anonymous_8)
FN:177,boolean
FN:191,byGuard
FN:207,callable
FN:220,constructor
FN:233,empty
FN:247,enumeration
FN:262,instanceOf
FN:277,instancesOf
FN:291,numStr
FN:304,number
FN:317,object
FN:330,propertyKey
FN:343,string
FN:356,stringU
FN:369,symbol
FN:382,toBeFalse
FN:395,toBeTrue
FN:408,wrapError
FN:409,(anonymous_27)
FN:420,toError
FNF:29
FNH:29
FNDA:6,(anonymous_0)
FNDA:3,(anonymous_1)
FNDA:3,(anonymous_2)
FNDA:4,(anonymous_3)
FNDA:4,(anonymous_4)
FNDA:5,(anonymous_5)
FNDA:5,(anonymous_6)
FNDA:4,(anonymous_7)
FNDA:4,(anonymous_8)
FNDA:4,boolean
FNDA:1107,byGuard
FNDA:223,callable
FNDA:4,constructor
FNDA:7,empty
FNDA:4,enumeration
FNDA:5,instanceOf
FNDA:3,instancesOf
FNDA:5,numStr
FNDA:5,number
FNDA:12,object
FNDA:6,propertyKey
FNDA:4,string
FNDA:4,stringU
FNDA:2,symbol
FNDA:112,toBeFalse
FNDA:645,toBeTrue
FNDA:3,wrapError
FNDA:3,(anonymous_27)
FNDA:65,toError
DA:1,24
DA:11,24
DA:13,24
DA:15,24
DA:29,6
DA:33,24
DA:56,3
DA:60,3
DA:65,24
DA:88,4
DA:92,4
DA:97,24
DA:125,5
DA:134,5
DA:139,24
DA:162,4
DA:166,4
DA:177,24
DA:181,4
DA:191,24
DA:196,1107
DA:198,65
DA:207,24
DA:211,223
DA:220,24
DA:224,4
DA:233,24
DA:237,7
DA:247,24
DA:252,4
DA:262,24
DA:267,5
DA:277,24
DA:282,3
DA:291,24
DA:295,5
DA:304,24
DA:308,5
DA:317,24
DA:321,12
DA:330,24
DA:334,6
DA:343,24
DA:347,4
DA:356,24
DA:360,4
DA:369,24
DA:373,2
DA:382,24
DA:386,112
DA:395,24
DA:399,645
DA:408,24
DA:409,3
DA:421,65
DA:423,2
DA:427,63
LF:57
LH:57
BRDA:196,0,0,1042
BRDA:196,0,1,65
BRDA:421,1,0,2
BRDA:421,1,1,5
BRDA:421,1,2,63
BRF:5
BRH:5
end_of_record
TN:
SF:src\converters.ts
FN:20,(anonymous_0)
FN:30,emptyToNull
FN:40,emptyToUndefined
FN:51,number
FN:61,numberU
FN:88,string
FN:98,stringU
FNF:7
FNH:7
FNDA:3,(anonymous_0)
FNDA:3,emptyToNull
FNDA:3,emptyToUndefined
FNDA:14,number
FNDA:26,numberU
FNDA:14,string
FNDA:8,stringU
DA:5,24
DA:12,24
DA:21,3
DA:30,24
DA:31,3
DA:40,24
DA:41,3
DA:51,24
DA:52,14
DA:61,24
DA:62,26
DA:64,4
DA:67,4
DA:70,10
DA:72,6
DA:74,6
DA:78,8
DA:88,24
DA:89,14
DA:98,24
DA:99,8
DA:101,8
LF:22
LH:22
BRDA:21,0,0,1
BRDA:21,0,1,2
BRDA:31,1,0,1
BRDA:31,1,1,2
BRDA:41,2,0,1
BRDA:41,2,1,2
BRDA:51,3,0,12
BRDA:52,4,0,6
BRDA:52,4,1,8
BRDA:52,5,0,14
BRDA:52,5,1,14
BRDA:62,6,0,4
BRDA:62,6,1,4
BRDA:62,6,2,10
BRDA:62,6,3,8
BRDA:70,7,0,4
BRDA:70,8,0,10
BRDA:70,8,1,10
BRDA:70,8,2,8
BRDA:74,9,0,2
BRDA:74,9,1,4
BRDA:89,10,0,12
BRDA:89,10,1,2
BRDA:99,11,0,6
BRDA:99,11,1,2
BRDA:101,12,0,8
BRDA:101,12,1,4
BRF:27
BRH:27
end_of_record
TN:
SF:src\core.ts
FN:38,evaluate
FN:50,freeze
FN:60,indexed
FN:70,overload
FN:80,typedef
FN:90,unfreeze
FNF:6
FNH:6
FNDA:109,evaluate
FNDA:1,freeze
FNDA:63,indexed
FNDA:192,overload
FNDA:88,typedef
FNDA:1,unfreeze
DA:3,24
DA:8,24
DA:19,24
DA:38,24
DA:41,109
DA:50,24
DA:51,1
DA:60,24
DA:61,63
DA:70,24
DA:71,192
DA:80,24
DA:81,88
DA:90,24
DA:91,1
LF:15
LH:15
BRDA:41,0,0,108
BRDA:41,0,1,1
BRF:2
BRH:2
end_of_record
TN:
SF:src\function.ts
FN:7,(anonymous_0)
FN:17,identity
FN:27,noopTrue
FN:61,pipe
FN:75,valueFromGenerator
FN:85,valueToGenerator
FN:86,(anonymous_6)
FNF:7
FNH:7
FNDA:1,(anonymous_0)
FNDA:3,identity
FNDA:1,noopTrue
FNDA:1,pipe
FNDA:2,valueFromGenerator
FNDA:14,valueToGenerator
FNDA:2,(anonymous_6)
DA:1,24
DA:2,24
DA:5,24
DA:7,24
DA:8,1
DA:17,24
DA:18,3
DA:27,24
DA:28,1
DA:61,24
DA:62,1
DA:64,2
DA:66,1
DA:75,24
DA:76,2
DA:85,24
DA:86,14
LF:17
LH:17
BRDA:76,0,0,1
BRDA:76,0,1,1
BRF:2
BRH:2
end_of_record
TN:
SF:src\guards.ts
FN:26,(anonymous_0)
FN:77,result
FN:78,(anonymous_2)
FN:82,(anonymous_3)
FN:124,result
FN:125,(anonymous_5)
FN:125,(anonymous_6)
FN:132,(anonymous_7)
FN:183,result
FN:184,(anonymous_9)
FN:188,(anonymous_10)
FN:230,result
FN:231,(anonymous_12)
FN:231,(anonymous_13)
FN:244,(anonymous_14)
FN:253,(anonymous_15)
FN:277,(anonymous_16)
FN:287,(anonymous_17)
FN:305,(anonymous_18)
FN:316,(anonymous_19)
FN:321,(anonymous_20)
FN:350,(anonymous_21)
FN:353,(anonymous_22)
FN:383,result
FN:387,(anonymous_24)
FN:390,(anonymous_25)
FN:422,result
FN:429,(anonymous_27)
FN:432,(anonymous_28)
FN:460,(anonymous_29)
FN:469,(anonymous_30)
FN:470,(anonymous_31)
FN:491,(anonymous_32)
FN:554,result
FN:556,(anonymous_34)
FN:561,(anonymous_35)
FN:617,result
FN:618,(anonymous_37)
FN:619,(anonymous_38)
FN:637,(anonymous_39)
FN:666,boolean
FN:676,callable
FN:688,constructor
FN:700,empty
FN:711,enumeration
FN:725,factory
FN:729,(anonymous_46)
FN:739,instanceOf
FN:753,instancesOf
FN:757,(anonymous_49)
FN:766,never
FN:776,numStr
FN:795,number
FN:805,propertyKey
FN:827,string
FN:837,stringU
FN:856,symbol
FN:866,unknown
FN:913,_false
FN:923,_notFactory
FN:924,(anonymous_60)
FN:933,_null
FN:943,_true
FN:953,_undefined
FN:965,checkOptionalProp
FN:983,checkRequiredProp
FNF:66
FNH:66
FNDA:24,(anonymous_0)
FNDA:3,result
FNDA:5,(anonymous_2)
FNDA:24,(anonymous_3)
FNDA:3,result
FNDA:3,(anonymous_5)
FNDA:6,(anonymous_6)
FNDA:24,(anonymous_7)
FNDA:3,result
FNDA:5,(anonymous_9)
FNDA:24,(anonymous_10)
FNDA:531,result
FNDA:13,(anonymous_12)
FNDA:24,(anonymous_13)
FNDA:44,(anonymous_14)
FNDA:14,(anonymous_15)
FNDA:53,(anonymous_16)
FNDA:12,(anonymous_17)
FNDA:72,(anonymous_18)
FNDA:15,(anonymous_19)
FNDA:9,(anonymous_20)
FNDA:35,(anonymous_21)
FNDA:24,(anonymous_22)
FNDA:32,result
FNDA:33,(anonymous_24)
FNDA:24,(anonymous_25)
FNDA:41,result
FNDA:26,(anonymous_27)
FNDA:6,(anonymous_28)
FNDA:64,(anonymous_29)
FNDA:12,(anonymous_30)
FNDA:6,(anonymous_31)
FNDA:24,(anonymous_32)
FNDA:3,result
FNDA:3,(anonymous_34)
FNDA:24,(anonymous_35)
FNDA:27,result
FNDA:5,(anonymous_37)
FNDA:8,(anonymous_38)
FNDA:2,(anonymous_39)
FNDA:24,boolean
FNDA:251,callable
FNDA:14,constructor
FNDA:208,empty
FNDA:16,enumeration
FNDA:364,factory
FNDA:34,(anonymous_46)
FNDA:11,instanceOf
FNDA:9,instancesOf
FNDA:9,(anonymous_49)
FNDA:3,never
FNDA:10,numStr
FNDA:72,number
FNDA:35,propertyKey
FNDA:49,string
FNDA:9,stringU
FNDA:4,symbol
FNDA:162,unknown
FNDA:115,_false
FNDA:410,_notFactory
FNDA:127,(anonymous_60)
FNDA:3,_null
FNDA:648,_true
FNDA:11,_undefined
FNDA:6,checkOptionalProp
FNDA:26,checkRequiredProp
DA:16,24
DA:19,24
DA:20,24
DA:21,24
DA:22,24
DA:25,24
DA:27,24
DA:78,5
DA:83,24
DA:125,6
DA:131,24
DA:133,24
DA:184,5
DA:189,24
DA:231,531
DA:237,24
DA:244,44
DA:254,14
DA:258,24
DA:260,24
DA:262,24
DA:264,24
DA:266,24
DA:268,24
DA:270,24
DA:278,53
DA:288,12
DA:292,24
DA:294,24
DA:296,24
DA:298,24
DA:306,72
DA:321,15
DA:325,24
DA:327,24
DA:329,24
DA:331,24
DA:333,24
DA:335,24
DA:337,24
DA:339,24
DA:341,24
DA:343,24
DA:351,35
DA:354,24
DA:387,33
DA:391,24
DA:427,41
DA:430,26
DA:433,6
DA:441,24
DA:443,24
DA:445,24
DA:447,24
DA:449,24
DA:451,24
DA:453,24
DA:460,64
DA:470,12
DA:474,24
DA:476,24
DA:478,24
DA:480,24
DA:482,24
DA:484,24
DA:486,24
DA:488,24
DA:490,24
DA:492,24
DA:555,3
DA:556,3
DA:562,24
DA:618,27
DA:619,8
DA:625,24
DA:627,24
DA:629,24
DA:637,2
DA:666,24
DA:667,24
DA:676,24
DA:679,251
DA:688,24
DA:691,14
DA:700,24
DA:701,208
DA:711,24
DA:715,16
DA:725,24
DA:729,364
DA:739,24
DA:743,11
DA:753,24
DA:757,9
DA:766,24
DA:767,3
DA:776,24
DA:777,10
DA:779,4
DA:782,2
DA:785,4
DA:795,24
DA:796,72
DA:805,24
DA:806,35
DA:808,4
DA:811,17
DA:814,2
DA:817,12
DA:827,24
DA:828,49
DA:837,24
DA:838,9
DA:840,4
DA:843,3
DA:846,2
DA:856,24
DA:857,4
DA:866,24
DA:867,162
DA:914,115
DA:924,410
DA:934,3
DA:944,648
DA:954,11
DA:970,6
DA:988,26
LF:127
LH:127
BRDA:254,0,0,14
BRDA:254,0,1,10
BRDA:278,1,0,53
BRDA:278,1,1,33
BRDA:288,2,0,12
BRDA:288,2,1,6
BRDA:321,3,0,15
BRDA:321,3,1,9
BRDA:321,4,0,9
BRDA:321,4,1,6
BRDA:351,5,0,35
BRDA:351,5,1,27
BRDA:428,6,0,41
BRDA:428,6,1,22
BRDA:428,6,2,10
BRDA:470,7,0,12
BRDA:470,7,1,6
BRDA:556,8,0,3
BRDA:556,8,1,2
BRDA:619,9,0,5
BRDA:619,9,1,4
BRDA:701,10,0,208
BRDA:701,10,1,194
BRDA:757,11,0,9
BRDA:757,11,1,9
BRDA:777,12,0,4
BRDA:777,12,1,2
BRDA:777,12,2,4
BRDA:796,13,0,72
BRDA:796,13,1,38
BRDA:806,14,0,4
BRDA:806,14,1,17
BRDA:806,14,2,2
BRDA:806,14,3,12
BRDA:838,15,0,4
BRDA:838,15,1,3
BRDA:838,15,2,2
BRDA:970,16,0,4
BRDA:970,16,1,2
BRDA:988,17,0,16
BRDA:988,17,1,10
BRF:41
BRH:41
end_of_record
TN:
SF:src\helpers.ts
FN:14,(anonymous_0)
FN:25,classToInterface
FN:31,(anonymous_2)
FN:47,createFacade
FN:54,(anonymous_4)
FN:63,(anonymous_5)
FN:65,(anonymous_6)
FN:66,(anonymous_7)
FN:68,(anonymous_8)
FN:69,(anonymous_9)
FN:70,(anonymous_10)
FN:71,(anonymous_11)
FN:77,target
FN:106,neverDemand
FN:107,(anonymous_14)
FN:118,onDemand
FN:124,(anonymous_16)
FN:125,(anonymous_17)
FN:127,(anonymous_18)
FN:128,(anonymous_19)
FN:129,(anonymous_20)
FN:130,(anonymous_21)
FN:140,obj
FN:155,safeAccess
FN:175,(anonymous_24)
FN:180,(anonymous_25)
FN:186,(anonymous_26)
FN:187,(anonymous_27)
FN:188,(anonymous_28)
FN:189,(anonymous_29)
FN:209,wait
FN:211,(anonymous_31)
FN:224,wrapProxyHandler
FN:232,(anonymous_33)
FN:234,(anonymous_34)
FN:242,(anonymous_35)
FN:244,(anonymous_36)
FN:245,(anonymous_37)
FN:246,(anonymous_38)
FN:248,(anonymous_39)
FN:249,(anonymous_40)
FN:250,(anonymous_41)
FN:251,(anonymous_42)
FN:252,(anonymous_43)
FN:253,(anonymous_44)
FN:254,(anonymous_45)
FN:261,(anonymous_46)
FN:264,(anonymous_47)
FN:267,(anonymous_48)
FN:270,(anonymous_49)
FN:273,(anonymous_50)
FN:276,(anonymous_51)
FN:279,(anonymous_52)
FN:282,(anonymous_53)
FN:285,(anonymous_54)
FN:288,(anonymous_55)
FN:291,(anonymous_56)
FN:294,(anonymous_57)
FN:297,(anonymous_58)
FNF:59
FNH:59
FNDA:24,(anonymous_0)
FNDA:2,classToInterface
FNDA:2,(anonymous_2)
FNDA:14,createFacade
FNDA:9,(anonymous_4)
FNDA:3,(anonymous_5)
FNDA:18,(anonymous_6)
FNDA:1,(anonymous_7)
FNDA:1,(anonymous_8)
FNDA:3,(anonymous_9)
FNDA:1,(anonymous_10)
FNDA:4,(anonymous_11)
FNDA:31,target
FNDA:1,neverDemand
FNDA:1,(anonymous_14)
FNDA:31,onDemand
FNDA:109,(anonymous_16)
FNDA:1,(anonymous_17)
FNDA:1,(anonymous_18)
FNDA:1,(anonymous_19)
FNDA:1,(anonymous_20)
FNDA:1,(anonymous_21)
FNDA:114,obj
FNDA:15,safeAccess
FNDA:3,(anonymous_24)
FNDA:3,(anonymous_25)
FNDA:3,(anonymous_26)
FNDA:1,(anonymous_27)
FNDA:1,(anonymous_28)
FNDA:4,(anonymous_29)
FNDA:14,wait
FNDA:14,(anonymous_31)
FNDA:88,wrapProxyHandler
FNDA:1,(anonymous_33)
FNDA:1,(anonymous_34)
FNDA:1,(anonymous_35)
FNDA:1,(anonymous_36)
FNDA:2,(anonymous_37)
FNDA:1,(anonymous_38)
FNDA:1,(anonymous_39)
FNDA:1,(anonymous_40)
FNDA:1,(anonymous_41)
FNDA:1,(anonymous_42)
FNDA:1,(anonymous_43)
FNDA:1,(anonymous_44)
FNDA:1,(anonymous_45)
FNDA:1,(anonymous_46)
FNDA:1,(anonymous_47)
FNDA:1,(anonymous_48)
FNDA:1,(anonymous_49)
FNDA:1,(anonymous_50)
FNDA:1,(anonymous_51)
FNDA:1,(anonymous_52)
FNDA:1,(anonymous_53)
FNDA:1,(anonymous_54)
FNDA:1,(anonymous_55)
FNDA:1,(anonymous_56)
FNDA:1,(anonymous_57)
FNDA:1,(anonymous_58)
DA:4,24
DA:5,24
DA:6,24
DA:7,24
DA:8,24
DA:9,24
DA:10,24
DA:12,24
DA:14,24
DA:15,24
DA:16,24
DA:25,24
DA:28,2
DA:32,2
DA:34,2
DA:47,24
DA:53,14
DA:55,9
DA:60,14
DA:64,3
DA:65,18
DA:67,1
DA:68,1
DA:69,3
DA:70,1
DA:71,4
DA:75,14
DA:78,31
DA:80,13
DA:82,4
DA:83,4
DA:85,4
DA:90,2
DA:93,2
DA:106,24
DA:107,1
DA:108,1
DA:118,24
DA:121,31
DA:124,109
DA:126,1
DA:127,1
DA:128,1
DA:129,1
DA:131,1
DA:133,1
DA:138,31
DA:141,114
DA:143,113
DA:155,24
DA:164,15
DA:166,15
DA:168,15
DA:170,15
DA:172,15
DA:176,3
DA:178,1
DA:181,3
DA:182,2
DA:184,1
DA:186,3
DA:187,1
DA:188,1
DA:190,4
DA:192,4
DA:193,2
DA:195,1
DA:198,2
DA:209,24
DA:211,14
DA:212,14
DA:224,24
DA:229,88
DA:231,15
DA:233,1
DA:235,1
DA:243,1
DA:244,1
DA:245,2
DA:247,1
DA:248,1
DA:249,1
DA:250,1
DA:251,1
DA:252,1
DA:253,1
DA:255,1
DA:260,73
DA:262,1
DA:265,1
DA:268,1
DA:271,1
DA:274,1
DA:277,1
DA:280,1
DA:283,1
DA:286,1
DA:289,1
DA:292,1
DA:295,1
DA:298,1
LF:101
LH:101
BRDA:14,0,0,24
BRDA:14,0,1,24
BRDA:34,1,0,1
BRDA:34,1,1,1
BRDA:78,2,0,18
BRDA:78,3,0,31
BRDA:78,3,1,24
BRDA:80,4,0,9
BRDA:85,5,0,2
BRDA:86,6,0,4
BRDA:86,6,1,4
BRDA:86,6,2,4
BRDA:94,7,0,1
BRDA:94,7,1,1
BRDA:141,8,0,104
BRDA:141,8,1,10
BRDA:141,9,0,114
BRDA:141,9,1,114
BRDA:162,10,0,1
BRDA:176,11,0,2
BRDA:181,12,0,2
BRDA:192,13,0,2
BRDA:193,14,0,1
BRDA:229,15,0,15
BRDA:229,15,1,73
BRF:25
BRH:25
end_of_record
TN:
SF:src\index.ts
FNF:0
FNH:0
DA:1,24
DA:2,24
DA:3,24
DA:4,24
DA:5,24
DA:6,24
DA:7,24
DA:8,24
DA:9,24
DA:10,24
DA:11,24
DA:12,24
DA:13,24
DA:14,24
DA:15,24
DA:16,24
DA:17,24
DA:18,24
LF:18
LH:18
BRF:0
BRH:0
end_of_record
TN:
SF:src\inline-assertions.ts
FN:30,(anonymous_0)
FN:62,(anonymous_1)
FN:83,(anonymous_2)
FN:143,(anonymous_3)
FN:206,byGuard
FN:219,callable
FN:232,constructor
FN:246,enumeration
FN:263,instanceOf
FN:280,instancesOf
FN:325,factory
FN:333,(anonymous_11)
FN:346,notFactory
FN:356,(anonymous_13)
FNF:14
FNH:14
FNDA:3,(anonymous_0)
FNDA:4,(anonymous_1)
FNDA:5,(anonymous_2)
FNDA:4,(anonymous_3)
FNDA:173,byGuard
FNDA:8,callable
FNDA:6,constructor
FNDA:4,enumeration
FNDA:3,instanceOf
FNDA:3,instancesOf
FNDA:1248,factory
FNDA:17,(anonymous_11)
FNDA:408,notFactory
FNDA:20,(anonymous_13)
DA:1,24
DA:11,24
DA:12,24
DA:15,24
DA:16,24
DA:17,24
DA:18,24
DA:21,24
DA:31,3
DA:33,2
DA:37,24
DA:39,24
DA:41,24
DA:43,24
DA:45,24
DA:47,24
DA:49,24
DA:51,24
DA:53,24
DA:63,4
DA:65,3
DA:69,24
DA:71,24
DA:73,24
DA:88,5
DA:90,4
DA:94,24
DA:96,24
DA:98,24
DA:100,24
DA:102,24
DA:104,24
DA:106,24
DA:108,24
DA:110,24
DA:112,24
DA:114,24
DA:116,24
DA:118,24
DA:120,24
DA:122,24
DA:124,24
DA:126,24
DA:128,24
DA:130,24
DA:132,24
DA:134,24
DA:144,4
DA:146,3
DA:150,24
DA:152,24
DA:154,24
DA:156,24
DA:158,24
DA:160,24
DA:162,24
DA:164,24
DA:166,24
DA:168,24
DA:170,24
DA:172,24
DA:174,24
DA:176,24
DA:178,24
DA:206,24
DA:207,173
DA:209,8
DA:219,24
DA:220,8
DA:222,2
DA:232,24
DA:233,6
DA:235,2
DA:246,24
DA:250,4
DA:252,2
DA:263,24
DA:267,3
DA:269,2
DA:280,24
DA:284,3
DA:286,2
DA:311,24
DA:313,24
DA:315,24
DA:317,24
DA:333,1248
DA:334,17
DA:336,7
DA:356,408
DA:357,20
DA:359,2
LF:92
LH:92
BRDA:31,0,0,1
BRDA:63,1,0,1
BRDA:88,2,0,1
BRDA:144,3,0,1
BRDA:207,4,0,165
BRDA:220,5,0,6
BRDA:233,6,0,4
BRDA:250,7,0,2
BRDA:267,8,0,1
BRDA:284,9,0,1
BRDA:334,10,0,10
BRDA:357,11,0,18
BRF:12
BRH:12
end_of_record
TN:
SF:src\json.ts
FN:16,decode
FN:32,encode
FN:43,eq
FN:54,neq
FN:58,(anonymous_4)
FN:83,replacer
FN:110,reviver
FNF:7
FNH:7
FNDA:10,decode
FNDA:17,encode
FNDA:2,eq
FNDA:2,neq
FNDA:24,(anonymous_4)
FNDA:46,replacer
FNDA:27,reviver
DA:4,24
DA:5,24
DA:6,24
DA:7,24
DA:16,24
DA:17,10
DA:18,10
DA:20,1
DA:23,2
DA:32,24
DA:33,17
DA:43,24
DA:44,2
DA:54,24
DA:55,2
DA:58,24
DA:60,24
DA:62,24
DA:65,24
DA:67,24
DA:69,24
DA:71,24
DA:84,46
DA:86,42
DA:87,2
DA:93,40
DA:94,2
DA:100,38
DA:111,27
DA:113,25
DA:114,4
DA:116,2
DA:119,2
DA:122,21
LF:34
LH:34
BRDA:18,0,0,8
BRDA:58,1,0,24
BRDA:58,1,1,24
BRDA:84,2,0,4
BRDA:86,3,0,2
BRDA:93,4,0,2
BRDA:111,5,0,2
BRDA:113,6,0,4
BRDA:114,7,0,2
BRDA:114,7,1,2
BRF:10
BRH:10
end_of_record
TN:
SF:src\map.ts
FN:11,set
FN:31,_delete
FNF:2
FNH:2
FNDA:1,set
FNDA:1,_delete
DA:1,24
DA:11,24
DA:17,1
DA:19,1
DA:21,1
DA:33,1
DA:35,1
DA:37,1
LF:8
LH:8
BRF:0
BRH:0
end_of_record
TN:
SF:src\number.ts
FN:13,(anonymous_0)
FN:27,(anonymous_1)
FN:40,(anonymous_2)
FN:54,(anonymous_3)
FN:67,(anonymous_4)
FN:81,(anonymous_5)
FN:92,average
FN:106,limit
FN:116,rootMeanSquareDeviation
FN:120,(anonymous_9)
FN:130,sum
FN:131,(anonymous_11)
FNF:12
FNH:12
FNDA:4,(anonymous_0)
FNDA:2,(anonymous_1)
FNDA:4,(anonymous_2)
FNDA:2,(anonymous_3)
FNDA:4,(anonymous_4)
FNDA:2,(anonymous_5)
FNDA:11,average
FNDA:5,limit
FNDA:7,rootMeanSquareDeviation
FNDA:206,(anonymous_9)
FNDA:19,sum
FNDA:424,(anonymous_11)
DA:1,24
DA:2,24
DA:5,24
DA:14,4
DA:16,4
DA:28,2
DA:32,24
DA:41,4
DA:43,4
DA:55,2
DA:59,24
DA:68,4
DA:70,4
DA:82,2
DA:92,24
DA:93,11
DA:95,9
DA:106,24
DA:107,5
DA:116,24
DA:117,7
DA:119,6
DA:120,206
DA:130,24
DA:131,424
LF:25
LH:25
BRDA:27,0,0,2
BRDA:54,1,0,2
BRDA:81,2,0,2
BRF:3
BRH:3
end_of_record
TN:
SF:src\object.ts
FN:71,(anonymous_0)
FN:87,(anonymous_1)
FN:142,(anonymous_2)
FN:151,(anonymous_3)
FN:162,clone
FN:174,every
FN:175,(anonymous_6)
FN:185,filter
FN:220,get
FN:235,getPrototypeOf
FN:249,hasOwnProp
FN:261,map
FN:266,(anonymous_12)
FN:277,omit
FN:312,omitKeys
FN:318,(anonymous_15)
FN:330,prefixKeys
FN:335,(anonymous_17)
FN:350,set
FN:360,size
FN:371,some
FN:372,(anonymous_21)
FN:396,sort
FN:404,(anonymous_23)
FNF:24
FNH:24
FNDA:2,(anonymous_0)
FNDA:8,(anonymous_1)
FNDA:1,(anonymous_2)
FNDA:1,(anonymous_3)
FNDA:1,clone
FNDA:2,every
FNDA:4,(anonymous_6)
FNDA:4,filter
FNDA:5,get
FNDA:2,getPrototypeOf
FNDA:3,hasOwnProp
FNDA:1,map
FNDA:3,(anonymous_12)
FNDA:1,omit
FNDA:1,omitKeys
FNDA:3,(anonymous_15)
FNDA:1,prefixKeys
FNDA:2,(anonymous_17)
FNDA:9,set
FNDA:1,size
FNDA:2,some
FNDA:4,(anonymous_21)
FNDA:3,sort
FNDA:8,(anonymous_23)
DA:1,24
DA:2,24
DA:3,24
DA:15,24
DA:24,24
DA:37,24
DA:43,24
DA:64,24
DA:74,2
DA:76,3
DA:78,2
DA:90,8
DA:92,22
DA:94,8
DA:99,24
DA:117,24
DA:135,24
DA:143,1
DA:152,1
DA:162,24
DA:164,1
DA:174,24
DA:175,4
DA:185,24
DA:186,4
DA:188,4
DA:189,10
DA:191,4
DA:220,24
DA:226,5
DA:235,24
DA:237,2
DA:239,2
DA:249,24
DA:251,3
DA:261,24
DA:265,1
DA:266,3
DA:277,24
DA:278,1
DA:280,1
DA:281,3
DA:283,2
DA:285,1
DA:312,24
DA:316,1
DA:318,3
DA:320,1
DA:330,24
DA:334,1
DA:335,2
DA:338,1
DA:350,24
DA:351,9
DA:360,24
DA:361,1
DA:371,24
DA:372,4
DA:396,24
DA:400,3
DA:405,8
LF:61
LH:61
BRDA:189,0,0,6
BRDA:223,1,0,2
BRDA:226,2,0,1
BRDA:226,2,1,4
BRDA:226,3,0,5
BRDA:226,3,1,5
BRDA:239,4,0,1
BRDA:239,4,1,1
BRDA:281,5,0,1
BRDA:281,5,1,2
BRDA:403,6,0,2
BRDA:403,6,1,1
BRF:12
BRH:12
end_of_record
TN:
SF:src\program-flow.ts
FN:17,_clearInterval
FN:27,_clearTimeout
FN:39,_setInterval
FN:53,_setTimeout
FNF:4
FNH:4
FNDA:2,_clearInterval
FNDA:2,_clearTimeout
FNDA:2,_setInterval
FNDA:16,_setTimeout
DA:1,24
DA:4,24
DA:6,24
DA:8,24
DA:10,24
DA:19,2
DA:29,2
DA:40,2
DA:54,16
LF:9
LH:9
BRDA:19,0,0,2
BRDA:29,1,0,2
BRF:2
BRH:2
end_of_record
TN:
SF:src\reflect.ts
FN:63,defineMetadata
FN:79,defineMetadataKey
FN:114,get
FN:149,getMetadata
FN:191,getMetadataKey
FN:233,getOwnMetadata
FN:278,getOwnMetadataKey
FN:298,hasMetadata
FN:310,hasMetadataKey
FN:325,hasOwnMetadata
FN:340,hasOwnMetadataKey
FNF:11
FNH:11
FNDA:30,defineMetadata
FNDA:32,defineMetadataKey
FNDA:146,get
FNDA:4,getMetadata
FNDA:4,getMetadataKey
FNDA:6,getOwnMetadata
FNDA:4,getOwnMetadataKey
FNDA:3,hasMetadata
FNDA:4,hasMetadataKey
FNDA:3,hasOwnMetadata
FNDA:4,hasOwnMetadataKey
DA:3,24
DA:4,24
DA:5,24
DA:16,24
DA:30,24
DA:36,24
DA:38,24
DA:40,24
DA:42,24
DA:44,24
DA:46,24
DA:48,24
DA:50,24
DA:52,24
DA:54,24
DA:63,24
DA:68,30
DA:79,24
DA:85,32
DA:114,24
DA:120,146
DA:149,24
DA:155,4
DA:191,24
DA:198,4
DA:233,24
DA:239,6
DA:278,24
DA:285,4
DA:298,24
DA:299,3
DA:310,24
DA:315,4
DA:325,24
DA:329,3
DA:340,24
DA:345,4
LF:37
LH:37
BRDA:117,0,0,143
BRDA:120,1,0,137
BRDA:120,1,1,5
BRDA:120,2,0,146
BRDA:120,2,1,142
BRDA:152,3,0,2
BRDA:155,4,0,2
BRDA:155,4,1,2
BRDA:155,5,0,4
BRDA:155,5,1,4
BRDA:195,6,0,2
BRDA:199,7,0,2
BRDA:199,7,1,2
BRDA:199,8,0,4
BRDA:199,8,1,4
BRDA:236,9,0,4
BRDA:240,10,0,2
BRDA:240,10,1,4
BRDA:240,11,0,6
BRDA:240,11,1,6
BRDA:282,12,0,2
BRDA:286,13,0,1
BRDA:286,13,1,3
BRDA:286,14,0,4
BRDA:286,14,1,4
BRF:25
BRH:25
end_of_record
TN:
SF:src\regexp.ts
FN:11,addFlags
FN:25,matchAll
FNF:2
FNH:2
FNDA:4,addFlags
FNDA:2,matchAll
DA:1,24
DA:11,24
DA:12,4
DA:15,4
DA:25,24
DA:26,2
DA:28,2
DA:30,2
DA:32,2
DA:33,4
DA:34,4
DA:37,2
LF:12
LH:12
BRDA:15,0,0,2
BRDA:15,0,1,2
BRF:2
BRH:2
end_of_record
TN:
SF:src\set.ts
FN:10,add
FN:26,_delete
FNF:2
FNH:2
FNDA:1,add
FNDA:1,_delete
DA:1,24
DA:10,24
DA:12,1
DA:14,1
DA:16,1
DA:28,1
DA:30,1
DA:32,1
LF:8
LH:8
BRF:0
BRH:0
end_of_record
TN:
SF:src\string.ts
FN:6,(anonymous_0)
FN:13,(anonymous_1)
FN:20,addLeadingSlash
FN:30,addTrailingSlash
FN:40,canonicalize
FN:50,join
FN:60,removeLeadingSlash
FN:70,removeTrailingSlash
FN:81,detectEol
FN:91,empty
FN:102,escapeRegExpSpecialChars
FN:112,firstLine
FN:122,lcFirst
FN:132,leadingSpaces
FN:142,lines
FN:152,multiline
FN:164,replaceAll
FN:183,replacePairs
FN:201,singleLine
FN:211,trailingSpaces
FN:221,trimEnd
FN:231,trimLeadingEmptyLines
FN:243,trimStart
FN:253,trimTrailingEmptyLines
FN:265,ucFirst
FN:275,unpadMultiline
FNF:26
FNH:26
FNDA:24,(anonymous_0)
FNDA:24,(anonymous_1)
FNDA:5,addLeadingSlash
FNDA:5,addTrailingSlash
FNDA:26,canonicalize
FNDA:4,join
FNDA:10,removeLeadingSlash
FNDA:10,removeTrailingSlash
FNDA:5,detectEol
FNDA:2,empty
FNDA:6,escapeRegExpSpecialChars
FNDA:1,firstLine
FNDA:2,lcFirst
FNDA:8,leadingSpaces
FNDA:16,lines
FNDA:2,multiline
FNDA:5,replaceAll
FNDA:1,replacePairs
FNDA:2,singleLine
FNDA:8,trailingSpaces
FNDA:17,trimEnd
FNDA:7,trimLeadingEmptyLines
FNDA:17,trimStart
FNDA:7,trimTrailingEmptyLines
FNDA:2,ucFirst
FNDA:3,unpadMultiline
DA:3,24
DA:6,24
DA:8,24
DA:10,24
DA:13,24
DA:20,24
DA:21,5
DA:30,24
DA:31,5
DA:40,24
DA:41,26
DA:50,24
DA:51,4
DA:60,24
DA:61,10
DA:70,24
DA:71,10
DA:81,24
DA:82,5
DA:91,24
DA:92,2
DA:102,24
DA:103,6
DA:112,24
DA:113,1
DA:122,24
DA:123,2
DA:132,24
DA:133,8
DA:142,24
DA:143,16
DA:152,24
DA:153,2
DA:164,24
DA:169,5
DA:183,24
DA:187,1
DA:189,1
DA:190,2
DA:192,1
DA:201,24
DA:202,2
DA:211,24
DA:212,8
DA:221,24
DA:222,17
DA:231,24
DA:232,7
DA:234,7
DA:243,24
DA:244,17
DA:253,24
DA:254,7
DA:256,7
DA:265,24
DA:266,2
DA:275,24
DA:276,3
DA:278,3
LF:59
LH:59
BRDA:6,0,0,24
BRDA:6,0,1,24
BRDA:13,1,0,24
BRDA:13,1,1,24
BRDA:82,2,0,3
BRDA:82,2,1,2
BRDA:123,3,0,1
BRDA:123,3,1,1
BRDA:266,4,0,1
BRDA:266,4,1,1
BRDA:278,5,0,2
BRDA:278,5,1,1
BRF:12
BRH:12
end_of_record
TN:
SF:src\errors\AssertionError.ts
FN:9,(anonymous_0)
FNF:1
FNH:1
FNDA:208,(anonymous_0)
DA:1,24
DA:2,208
DA:10,208
LF:3
LH:3
BRDA:9,0,0,195
BRF:1
BRH:1
end_of_record
TN:
SF:src\errors\ConversionError.ts
FN:9,(anonymous_0)
FNF:1
FNH:1
FNDA:2,(anonymous_0)
DA:1,24
DA:2,2
DA:10,2
LF:3
LH:3
BRDA:9,0,0,1
BRF:1
BRH:1
end_of_record
TN:
SF:src\errors\InternalError.ts
FN:9,(anonymous_0)
FNF:1
FNH:1
FNDA:2,(anonymous_0)
DA:1,24
DA:2,2
DA:10,2
LF:3
LH:3
BRDA:9,0,0,1
BRF:1
BRH:1
end_of_record
TN:
SF:src\errors\index.ts
FN:1,(anonymous_0)
FN:2,(anonymous_1)
FN:3,(anonymous_2)
FNF:3
FNH:3
FNDA:208,(anonymous_0)
FNDA:2,(anonymous_1)
FNDA:2,(anonymous_2)
DA:1,232
DA:2,26
DA:3,26
LF:3
LH:3
BRF:0
BRH:0
end_of_record
TN:
SF:src\test-utils\expect.ts
FN:16,buildEqualsResult
FN:28,factory
FN:45,buildResult
FN:50,(anonymous_3)
FNF:4
FNH:4
FNDA:239,buildEqualsResult
FNDA:18,factory
FNDA:2,buildResult
FNDA:2,(anonymous_3)
DA:1,24
DA:4,24
DA:16,24
DA:23,239
DA:29,18
DA:33,18
DA:45,24
DA:50,2
LF:8
LH:8
BRDA:21,0,0,225
BRDA:24,1,0,13
BRDA:24,1,1,226
BRDA:29,2,0,17
BRDA:29,2,1,1
BRDA:50,3,0,1
BRDA:50,3,1,1
BRF:7
BRH:7
end_of_record
TN:
SF:src\test-utils\fake-timers.ts
FN:6,(anonymous_0)
FN:17,installFakeTimer
FN:35,run
FN:44,setRandomSystemTime
FN:46,(anonymous_4)
FNF:5
FNH:5
FNDA:3,(anonymous_0)
FNDA:4,installFakeTimer
FNDA:6,run
FNDA:100,setRandomSystemTime
FNDA:100,(anonymous_4)
DA:1,24
DA:2,24
DA:3,24
DA:6,24
DA:7,3
DA:9,3
DA:17,24
DA:18,4
DA:19,4
DA:35,24
DA:36,6
DA:38,6
DA:44,24
DA:45,100
DA:47,100
DA:49,100
DA:50,100
DA:51,100
DA:52,100
DA:53,100
DA:54,100
DA:56,100
LF:22
LH:22
BRDA:17,0,0,4
BRF:1
BRH:1
end_of_record
TN:
SF:src\test-utils\index.ts
FNF:0
FNH:0
DA:1,24
DA:2,24
DA:3,24
LF:3
LH:3
BRF:0
BRH:0
end_of_record
TN:
SF:src\test-utils\jest.internal.ts
FN:20,(anonymous_0)
FN:45,(anonymous_1)
FN:63,(anonymous_2)
FN:78,(anonymous_3)
FN:103,(anonymous_4)
FN:128,isMock
FNF:6
FNH:6
FNDA:217,(anonymous_0)
FNDA:2,(anonymous_1)
FNDA:12,(anonymous_2)
FNDA:2,(anonymous_3)
FNDA:4,(anonymous_4)
FNDA:12,isMock
DA:2,24
DA:4,24
DA:5,24
DA:8,24
DA:11,24
DA:13,24
DA:21,217
DA:23,217
DA:24,217
DA:26,108
DA:28,108
DA:35,109
DA:37,109
DA:46,2
DA:48,2
DA:50,2
DA:52,2
DA:54,2
DA:56,2
DA:64,12
DA:66,12
DA:74,12
DA:76,12
DA:79,2
DA:81,2
DA:82,2
DA:84,1
DA:86,1
DA:93,1
DA:95,1
DA:104,4
DA:106,4
DA:131,12
LF:33
LH:33
BRDA:20,0,0,108
BRDA:45,1,0,2
BRDA:78,2,0,1
BRF:3
BRH:3
end_of_record
TN:
SF:src\test-utils\jest.ts
FN:64,jestReset
FN:71,jestSetup
FN:78,errorMock
FN:84,warnMock
FNF:4
FNH:4
FNDA:768,jestReset
FNDA:24,jestSetup
FNDA:1,errorMock
FNDA:1,warnMock
DA:1,24
DA:3,24
DA:5,24
DA:64,24
DA:65,768
DA:71,24
DA:72,24
DA:73,24
DA:74,24
DA:75,24
DA:76,24
DA:79,1
DA:81,1
DA:85,1
DA:87,1
LF:15
LH:15
BRF:0
BRH:0
end_of_record
