TN:
SF:src\index.ts
FNF:0
FNH:0
DA:1,31
DA:2,31
DA:3,31
DA:4,31
LF:4
LH:4
BRF:0
BRH:0
end_of_record
TN:
SF:src\facade-implementations\index.ts
FNF:0
FNH:0
DA:1,31
DA:2,31
DA:3,31
DA:4,31
LF:4
LH:4
BRF:0
BRH:0
end_of_record
TN:
SF:src\facade-implementations\datetime\index.ts
FN:1,(anonymous_0)
FNF:1
FNH:1
FNDA:1331,(anonymous_0)
DA:1,1362
LF:1
LH:1
BRF:0
BRH:0
end_of_record
TN:
SF:src\facade-implementations\datetime\date-fns-wrapper\DateTime.ts
FN:54,(anonymous_0)
FN:66,parseString
FN:79,(anonymous_2)
FN:85,(anonymous_3)
FN:89,(anonymous_4)
FN:93,(anonymous_5)
FN:97,(anonymous_6)
FN:101,(anonymous_7)
FN:105,(anonymous_8)
FN:109,(anonymous_9)
FN:113,(anonymous_10)
FN:129,(anonymous_11)
FN:133,(anonymous_12)
FN:137,(anonymous_13)
FN:141,(anonymous_14)
FN:145,(anonymous_15)
FN:149,(anonymous_16)
FN:153,(anonymous_17)
FN:157,(anonymous_18)
FN:161,(anonymous_19)
FN:165,(anonymous_20)
FN:169,(anonymous_21)
FN:173,(anonymous_22)
FN:177,(anonymous_23)
FN:181,(anonymous_24)
FN:185,(anonymous_25)
FN:189,(anonymous_26)
FN:193,(anonymous_27)
FN:200,(anonymous_28)
FN:206,(anonymous_29)
FN:210,(anonymous_30)
FN:214,(anonymous_31)
FN:218,(anonymous_32)
FN:222,(anonymous_33)
FN:226,(anonymous_34)
FN:230,(anonymous_35)
FN:234,(anonymous_36)
FN:238,(anonymous_37)
FN:242,(anonymous_38)
FN:246,(anonymous_39)
FN:250,(anonymous_40)
FN:257,(anonymous_41)
FN:266,(anonymous_42)
FN:270,(anonymous_43)
FN:274,(anonymous_44)
FN:280,(anonymous_45)
FN:284,(anonymous_46)
FN:288,(anonymous_47)
FN:294,(anonymous_48)
FN:298,(anonymous_49)
FN:304,(anonymous_50)
FN:308,(anonymous_51)
FN:312,(anonymous_52)
FN:326,(anonymous_53)
FN:340,getDuration
FNF:55
FNH:55
FNDA:413,(anonymous_0)
FNDA:237,parseString
FNDA:51,(anonymous_2)
FNDA:3,(anonymous_3)
FNDA:3,(anonymous_4)
FNDA:1,(anonymous_5)
FNDA:1,(anonymous_6)
FNDA:1,(anonymous_7)
FNDA:1,(anonymous_8)
FNDA:1,(anonymous_9)
FNDA:14,(anonymous_10)
FNDA:3,(anonymous_11)
FNDA:6,(anonymous_12)
FNDA:6,(anonymous_13)
FNDA:6,(anonymous_14)
FNDA:6,(anonymous_15)
FNDA:6,(anonymous_16)
FNDA:6,(anonymous_17)
FNDA:6,(anonymous_18)
FNDA:6,(anonymous_19)
FNDA:6,(anonymous_20)
FNDA:6,(anonymous_21)
FNDA:6,(anonymous_22)
FNDA:6,(anonymous_23)
FNDA:3,(anonymous_24)
FNDA:3,(anonymous_25)
FNDA:3,(anonymous_26)
FNDA:6,(anonymous_27)
FNDA:6,(anonymous_28)
FNDA:3,(anonymous_29)
FNDA:3,(anonymous_30)
FNDA:3,(anonymous_31)
FNDA:7,(anonymous_32)
FNDA:7,(anonymous_33)
FNDA:7,(anonymous_34)
FNDA:7,(anonymous_35)
FNDA:1,(anonymous_36)
FNDA:1,(anonymous_37)
FNDA:1,(anonymous_38)
FNDA:1,(anonymous_39)
FNDA:2,(anonymous_40)
FNDA:2,(anonymous_41)
FNDA:1,(anonymous_42)
FNDA:8,(anonymous_43)
FNDA:8,(anonymous_44)
FNDA:7,(anonymous_45)
FNDA:3,(anonymous_46)
FNDA:18,(anonymous_47)
FNDA:38,(anonymous_48)
FNDA:236,(anonymous_49)
FNDA:158,(anonymous_50)
FNDA:1,(anonymous_51)
FNDA:3,(anonymous_52)
FNDA:132,(anonymous_53)
FNDA:45,getDuration
DA:4,31
DA:42,31
DA:44,31
DA:45,31
DA:47,31
DA:58,413
DA:59,278
DA:60,277
DA:61,263
DA:62,26
DA:64,412
DA:67,237
DA:69,237
DA:70,619
DA:72,619
DA:75,1
DA:80,51
DA:86,3
DA:90,3
DA:94,1
DA:98,1
DA:102,1
DA:106,1
DA:110,1
DA:114,14
DA:126,14
DA:130,3
DA:134,6
DA:138,6
DA:142,6
DA:146,6
DA:150,6
DA:154,6
DA:158,6
DA:162,6
DA:166,6
DA:170,6
DA:174,6
DA:178,6
DA:182,3
DA:186,3
DA:190,3
DA:197,6
DA:201,6
DA:203,6
DA:207,3
DA:211,3
DA:215,3
DA:219,7
DA:223,7
DA:227,7
DA:231,7
DA:235,1
DA:239,1
DA:243,1
DA:247,1
DA:251,2
DA:258,2
DA:260,2
DA:267,1
DA:271,8
DA:275,8
DA:277,8
DA:281,7
DA:285,3
DA:289,18
DA:295,38
DA:299,236
DA:305,158
DA:309,1
DA:313,3
DA:316,413
DA:318,413
DA:329,132
DA:341,45
DA:343,45
DA:346,7
DA:348,7
DA:352,7
DA:354,7
DA:358,7
DA:360,7
DA:364,10
DA:366,10
DA:370,7
DA:372,7
DA:376,7
DA:379,45
LF:88
LH:88
BRDA:58,0,0,135
BRDA:58,0,1,278
BRDA:59,1,0,1
BRDA:59,1,1,277
BRDA:60,2,0,14
BRDA:60,2,1,263
BRDA:61,3,0,237
BRDA:61,3,1,26
BRDA:72,4,0,236
BRDA:80,5,0,18
BRDA:80,5,1,33
BRDA:114,6,0,7
BRDA:114,6,1,7
BRDA:289,7,0,6
BRDA:289,7,1,12
BRDA:299,8,0,125
BRDA:299,8,1,111
BRDA:343,9,0,4
BRDA:343,9,1,7
BRDA:343,9,2,4
BRDA:343,9,3,7
BRDA:343,9,4,4
BRDA:343,9,5,7
BRDA:343,9,6,7
BRDA:343,9,7,10
BRDA:343,9,8,4
BRDA:343,9,9,7
BRDA:343,9,10,4
BRDA:343,9,11,7
BRF:29
BRH:29
end_of_record
TN:
SF:src\facade-implementations\datetime\date-fns-wrapper\index.ts
FN:14,dateFnsWrapper
FN:18,(anonymous_1)
FN:20,(anonymous_2)
FN:21,(anonymous_3)
FN:22,(anonymous_4)
FN:23,(anonymous_5)
FN:26,(anonymous_6)
FNF:7
FNH:7
FNDA:1331,dateFnsWrapper
FNDA:280,(anonymous_1)
FNDA:1,(anonymous_2)
FNDA:1,(anonymous_3)
FNDA:1,(anonymous_4)
FNDA:13,(anonymous_5)
FNDA:37,(anonymous_6)
DA:2,31
DA:3,31
DA:4,31
DA:14,31
DA:15,1331
DA:17,1331
DA:19,280
DA:20,1
DA:21,1
DA:22,1
DA:24,13
DA:26,13
DA:27,37
LF:13
LH:13
BRF:0
BRH:0
end_of_record
TN:
SF:src\facade-implementations\datetime\date-fns-wrapper\core\index.ts
FNF:0
FNH:0
DA:2,31
DA:5,31
DA:11,31
LF:3
LH:3
BRF:0
BRH:0
end_of_record
TN:
SF:src\facade-implementations\dump\index.ts
FN:1,(anonymous_0)
FNF:1
FNH:1
FNDA:1075,(anonymous_0)
DA:1,1106
LF:1
LH:1
BRF:0
BRH:0
end_of_record
TN:
SF:src\facade-implementations\dump\json-dumper.ts
FNF:0
FNH:0
DA:2,31
DA:4,31
LF:2
LH:2
BRF:0
BRH:0
end_of_record
TN:
SF:src\facade-implementations\faker\index.ts
FN:1,(anonymous_0)
FNF:1
FNH:1
FNDA:2178,(anonymous_0)
DA:1,2209
LF:1
LH:1
BRF:0
BRH:0
end_of_record
TN:
SF:src\facade-implementations\faker\lorem-ipsum-wrapper\index.ts
FN:10,(anonymous_0)
FN:12,(anonymous_1)
FN:15,(anonymous_2)
FN:24,(anonymous_3)
FN:56,(anonymous_4)
FN:57,(anonymous_5)
FN:59,(anonymous_6)
FN:61,(anonymous_7)
FN:75,(anonymous_8)
FN:82,(anonymous_9)
FN:89,(anonymous_10)
FNF:11
FNH:11
FNDA:3,(anonymous_0)
FNDA:1076,(anonymous_1)
FNDA:13,(anonymous_2)
FNDA:13,(anonymous_3)
FNDA:2,(anonymous_4)
FNDA:2,(anonymous_5)
FNDA:1,(anonymous_6)
FNDA:2,(anonymous_7)
FNDA:2,(anonymous_8)
FNDA:2,(anonymous_9)
FNDA:1,(anonymous_10)
DA:1,31
DA:2,31
DA:3,31
DA:6,31
DA:8,31
DA:11,3
DA:13,1076
DA:16,13
DA:20,13
DA:24,13
DA:25,13
DA:28,2
DA:32,2
DA:36,3
DA:40,2
DA:44,2
DA:48,2
DA:52,13
DA:54,13
DA:56,2
DA:58,2
DA:60,1
DA:67,2
DA:76,2
DA:83,2
DA:89,1
DA:119,31
LF:27
LH:27
BRDA:10,0,0,1
BRDA:10,1,0,1
BRDA:15,2,0,1
BRDA:15,3,0,1
BRDA:16,4,0,1
BRDA:16,4,1,12
BRDA:20,5,0,1
BRDA:20,5,1,12
BRDA:25,6,0,1
BRDA:25,6,1,2
BRDA:25,6,2,1
BRDA:25,6,3,2
BRDA:25,6,4,2
BRDA:25,6,5,3
BRDA:25,6,6,1
BRDA:25,6,7,2
BRDA:25,6,8,1
BRDA:25,6,9,2
BRDA:25,6,10,1
BRDA:25,6,11,2
BRDA:57,7,0,1
BRDA:68,8,0,2
BRDA:68,8,1,1
BRDA:69,9,0,2
BRDA:69,9,1,1
BRDA:70,10,0,2
BRDA:70,10,1,1
BRDA:71,11,0,2
BRDA:71,11,1,1
BRDA:77,12,0,2
BRDA:77,12,1,1
BRDA:78,13,0,2
BRDA:78,13,1,1
BRDA:84,14,0,2
BRDA:84,14,1,1
BRDA:85,15,0,2
BRDA:85,15,1,1
BRF:37
BRH:37
end_of_record
TN:
SF:src\facade-implementations\lang\index.ts
FNF:0
FNH:0
DA:1,31
LF:1
LH:1
BRF:0
BRH:0
end_of_record
TN:
SF:src\facade-implementations\lang\dictionary\Definition.ts
FN:14,(anonymous_0)
FN:20,(anonymous_1)
FN:26,(anonymous_2)
FN:67,(anonymous_3)
FN:163,applyRuleRef
FN:202,applyRuleRefDependent
FN:235,applyRuleRefSecondary
FN:263,applyRuleVal
FN:284,applyRuleWordDependent
FN:313,applyRuleWordSecondary
FNF:10
FNH:10
FNDA:1560,(anonymous_0)
FNDA:48,(anonymous_1)
FNDA:60,(anonymous_2)
FNDA:111,(anonymous_3)
FNDA:6,applyRuleRef
FNDA:6,applyRuleRefDependent
FNDA:2,applyRuleRefSecondary
FNDA:4,applyRuleVal
FNDA:6,applyRuleWordDependent
FNDA:4,applyRuleWordSecondary
DA:3,31
DA:7,31
DA:15,1560
DA:17,1560
DA:19,44
DA:20,48
DA:21,20
DA:22,20
DA:24,20
DA:26,60
DA:27,24
DA:28,24
DA:31,44
DA:34,1516
DA:37,1560
DA:39,1560
DA:41,1560
DA:43,1560
DA:45,1560
DA:47,1560
DA:49,1560
DA:50,1560
DA:51,1560
DA:52,1560
DA:53,1560
DA:54,1560
DA:74,111
DA:75,12
DA:77,12
DA:78,4
DA:80,4
DA:82,4
DA:86,107
DA:87,48
DA:89,48
DA:90,18
DA:93,89
DA:96,20
DA:98,20
DA:99,8
DA:102,81
DA:103,20
DA:105,61
DA:113,61
DA:115,61
DA:116,6
DA:118,61
DA:119,2
DA:121,61
DA:123,61
DA:124,6
DA:126,61
DA:127,4
DA:129,61
DA:132,1560
DA:134,1560
DA:136,1560
DA:138,1560
DA:140,1560
DA:142,1560
DA:144,1560
DA:146,1560
DA:148,1560
DA:150,1560
DA:152,1560
DA:169,6
DA:171,6
DA:173,6
DA:175,6
DA:177,6
DA:179,6
DA:187,6
DA:208,6
DA:210,6
DA:212,6
DA:214,6
DA:216,6
DA:224,6
DA:241,2
DA:243,2
DA:245,2
DA:247,2
DA:249,2
DA:251,2
DA:253,2
DA:265,4
DA:267,4
DA:269,4
DA:271,4
DA:273,4
DA:290,6
DA:292,6
DA:294,6
DA:302,6
DA:319,4
DA:321,4
DA:323,4
DA:325,4
DA:327,4
LF:99
LH:99
BRDA:17,0,0,44
BRDA:17,0,1,1516
BRDA:19,1,0,20
BRDA:19,1,1,24
BRDA:24,2,0,4
BRDA:74,3,0,12
BRDA:77,4,0,4
BRDA:89,5,0,18
BRDA:93,6,0,69
BRDA:93,6,1,20
BRDA:98,7,0,8
BRDA:102,8,0,20
BRF:12
BRH:12
end_of_record
TN:
SF:src\facade-implementations\lang\dictionary\Definitions.ts
FN:24,(anonymous_0)
FN:28,(anonymous_1)
FN:40,(anonymous_2)
FN:44,(anonymous_3)
FN:51,(anonymous_4)
FN:58,(anonymous_5)
FN:65,(anonymous_6)
FN:89,(anonymous_7)
FN:111,(anonymous_8)
FN:127,map
FN:152,mapDefinitions
FN:158,(anonymous_11)
FN:167,validate
FN:171,(anonymous_13)
FN:173,(anonymous_14)
FNF:15
FNH:15
FNDA:33,(anonymous_0)
FNDA:363,(anonymous_1)
FNDA:363,(anonymous_2)
FNDA:379,(anonymous_3)
FNDA:379,(anonymous_4)
FNDA:379,(anonymous_5)
FNDA:379,(anonymous_6)
FNDA:61,(anonymous_7)
FNDA:235,(anonymous_8)
FNDA:1560,map
FNDA:44,mapDefinitions
FNDA:108,(anonymous_11)
FNDA:33,validate
FNDA:6,(anonymous_13)
FNDA:18,(anonymous_14)
DA:1,31
DA:10,31
DA:11,31
DA:14,31
DA:15,33
DA:17,33
DA:25,33
DA:27,33
DA:28,363
DA:36,33
DA:40,363
DA:44,379
DA:51,379
DA:58,379
DA:65,379
DA:73,33
DA:74,33
DA:75,33
DA:76,33
DA:96,61
DA:98,61
DA:100,61
DA:102,61
DA:112,235
DA:115,33
DA:117,33
DA:128,1560
DA:130,1516
DA:133,44
DA:134,20
DA:136,20
DA:141,24
DA:156,44
DA:158,108
DA:168,33
DA:172,6
DA:173,18
LF:37
LH:37
BRDA:94,0,0,37
BRDA:96,1,0,12
BRDA:96,1,1,49
BRDA:96,2,0,12
BRDA:96,2,1,4
BRDA:128,3,0,1516
BRDA:128,3,1,44
BRDA:133,4,0,20
BRDA:136,5,0,4
BRDA:136,5,1,16
BRDA:172,6,0,6
BRDA:172,6,1,6
BRF:12
BRH:12
end_of_record
TN:
SF:src\facade-implementations\lang\dictionary\Dictionary.ts
FN:24,(anonymous_0)
FN:35,(anonymous_1)
FN:50,(anonymous_2)
FN:57,(anonymous_3)
FN:65,(anonymous_4)
FN:71,(anonymous_5)
FN:75,(anonymous_6)
FN:92,(anonymous_7)
FN:130,(anonymous_8)
FN:135,(anonymous_9)
FN:140,(anonymous_10)
FN:164,(anonymous_11)
FNF:12
FNH:12
FNDA:1080,(anonymous_0)
FNDA:6,(anonymous_1)
FNDA:37,(anonymous_2)
FNDA:6,(anonymous_3)
FNDA:233,(anonymous_4)
FNDA:2,(anonymous_5)
FNDA:10,(anonymous_6)
FNDA:20,(anonymous_7)
FNDA:1080,(anonymous_8)
FNDA:1080,(anonymous_9)
FNDA:221,(anonymous_10)
FNDA:10,(anonymous_11)
DA:2,31
DA:14,31
DA:30,1080
DA:33,1080
DA:36,6
DA:38,4
DA:40,4
DA:43,1
DA:44,1
DA:47,4
DA:51,37
DA:53,35
DA:58,6
DA:60,4
DA:66,233
DA:68,231
DA:72,2
DA:76,10
DA:78,10
DA:80,8
DA:82,8
DA:85,3
DA:86,3
DA:89,8
DA:93,20
DA:95,4
DA:96,4
DA:97,4
DA:98,4
DA:100,4
DA:103,16
DA:104,16
DA:105,16
DA:106,16
DA:109,20
DA:112,1080
DA:114,1080
DA:116,1080
DA:118,1080
DA:121,1080
DA:135,1080
DA:136,1080
DA:141,221
DA:143,221
DA:148,1080
DA:151,1080
DA:152,1080
DA:153,1080
DA:154,1080
DA:155,1080
DA:165,10
DA:170,31
LF:52
LH:52
BRDA:36,0,0,2
BRDA:40,1,0,3
BRDA:40,1,1,1
BRDA:51,2,0,2
BRDA:58,3,0,2
BRDA:60,4,0,2
BRDA:60,4,1,2
BRDA:66,5,0,2
BRDA:78,6,0,2
BRDA:82,7,0,5
BRDA:82,7,1,3
BRDA:93,8,0,4
BRDA:93,8,1,16
BRDA:133,9,0,1076
BRDA:143,10,0,27
BRDA:143,10,1,194
BRF:16
BRH:16
end_of_record
TN:
SF:src\facade-implementations\lang\dictionary\index.ts
FN:1,(anonymous_0)
FN:2,(anonymous_1)
FN:3,(anonymous_2)
FNF:3
FNH:3
FNDA:32,(anonymous_0)
FNDA:1075,(anonymous_1)
FNDA:32,(anonymous_2)
DA:1,63
DA:2,1106
DA:3,63
LF:3
LH:3
BRF:0
BRH:0
end_of_record
TN:
SF:src\facade-implementations\lang\dictionary\core\index.ts
FN:18,(anonymous_0)
FN:30,(anonymous_1)
FNF:2
FNH:2
FNDA:9,(anonymous_0)
FNDA:18,(anonymous_1)
DA:8,31
DA:11,31
DA:19,9
DA:21,9
DA:31,18
DA:33,18
DA:35,17
DA:37,14
DA:39,11
DA:41,8
DA:43,5
LF:11
LH:11
BRDA:21,0,0,2
BRDA:21,0,1,7
BRDA:33,1,0,1
BRDA:33,2,0,18
BRDA:33,2,1,7
BRDA:35,3,0,3
BRDA:37,4,0,3
BRDA:39,5,0,3
BRDA:41,6,0,3
BRF:9
BRH:9
end_of_record
TN:
SF:src\facades\datetime.ts
FNF:0
FNH:0
DA:5,31
DA:7,31
LF:2
LH:2
BRF:0
BRH:0
end_of_record
TN:
SF:src\facades\dump.ts
FNF:0
FNH:0
DA:1,31
DA:3,31
LF:2
LH:2
BRF:0
BRH:0
end_of_record
TN:
SF:src\facades\faker.ts
FNF:0
FNH:0
DA:2,31
DA:4,31
LF:2
LH:2
BRF:0
BRH:0
end_of_record
TN:
SF:src\facades\index.ts
FN:2,(anonymous_0)
FN:3,(anonymous_1)
FN:4,(anonymous_2)
FN:5,(anonymous_3)
FNF:4
FNH:4
FNDA:1113,(anonymous_0)
FNDA:1074,(anonymous_1)
FNDA:1074,(anonymous_2)
FNDA:1074,(anonymous_3)
DA:1,31
DA:2,1144
DA:3,1105
DA:4,1105
DA:5,1105
LF:5
LH:5
BRF:0
BRH:0
end_of_record
TN:
SF:src\facades\lang.ts
FNF:0
FNH:0
DA:2,31
DA:16,31
LF:2
LH:2
BRF:0
BRH:0
end_of_record
TN:
SF:src\facades\types\index.ts
FN:3,(anonymous_0)
FN:14,(anonymous_1)
FN:20,(anonymous_2)
FN:28,(anonymous_3)
FN:40,(anonymous_4)
FNF:5
FNH:5
FNDA:31,(anonymous_0)
FNDA:31,(anonymous_1)
FNDA:31,(anonymous_2)
FNDA:31,(anonymous_3)
FNDA:31,(anonymous_4)
DA:3,31
DA:5,31
DA:7,31
DA:9,31
DA:11,31
DA:14,31
DA:15,31
DA:16,31
DA:17,31
DA:20,31
DA:21,31
DA:22,31
DA:23,31
DA:24,31
DA:25,31
DA:28,31
DA:29,31
DA:30,31
DA:31,31
DA:32,31
DA:33,31
DA:34,31
DA:35,31
DA:36,31
DA:37,31
DA:40,31
DA:41,31
DA:42,31
DA:43,31
DA:44,31
DA:45,31
DA:46,31
DA:47,31
DA:48,31
DA:49,31
DA:50,31
DA:51,31
DA:52,31
LF:38
LH:38
BRDA:3,0,0,31
BRDA:3,0,1,31
BRDA:14,1,0,31
BRDA:14,1,1,31
BRDA:20,2,0,31
BRDA:20,2,1,31
BRDA:28,3,0,31
BRDA:28,3,1,31
BRDA:40,4,0,31
BRDA:40,4,1,31
BRF:10
BRH:10
end_of_record
TN:
SF:src\functions\array.ts
FN:17,chain
FN:38,chunk
FN:88,clone
FN:99,drop
FN:116,findBy
FN:125,(anonymous_5)
FN:135,findLastIndex
FN:151,first
FN:161,fromIterable
FN:171,fromMixed
FN:183,fromRange
FN:197,fromString
FN:209,get
FN:226,includesBy
FN:235,(anonymous_14)
FN:245,intersection
FN:256,last
FN:267,omit
FN:271,(anonymous_18)
FN:281,push
FN:293,pushOrReplaceBy
FN:310,pushUnique
FN:312,(anonymous_22)
FN:323,random
FN:335,removeBy
FN:344,(anonymous_25)
FN:355,replace
FN:376,replaceBy
FN:385,(anonymous_28)
FN:394,reverse
FN:410,second
FN:421,sort
FN:440,third
FN:452,toggleBy
FN:467,truncate
FN:479,uniqueBy
FN:488,(anonymous_36)
FN:506,unshift
FN:518,unshiftOrReplaceBy
FN:535,unshiftUnique
FN:537,(anonymous_40)
FN:591,mixedToReduce
FN:595,(anonymous_42)
FNF:43
FNH:43
FNDA:1,chain
FNDA:1,chunk
FNDA:14,clone
FNDA:1,drop
FNDA:4,findBy
FNDA:12,(anonymous_5)
FNDA:2,findLastIndex
FNDA:56,first
FNDA:5,fromIterable
FNDA:2,fromMixed
FNDA:5,fromRange
FNDA:1,fromString
FNDA:611,get
FNDA:10,includesBy
FNDA:24,(anonymous_14)
FNDA:1,intersection
FNDA:3,last
FNDA:3,omit
FNDA:9,(anonymous_18)
FNDA:4,push
FNDA:2,pushOrReplaceBy
FNDA:1,pushUnique
FNDA:3,(anonymous_22)
FNDA:502,random
FNDA:3,removeBy
FNDA:12,(anonymous_25)
FNDA:1,replace
FNDA:4,replaceBy
FNDA:14,(anonymous_28)
FNDA:3,reverse
FNDA:31,second
FNDA:6,sort
FNDA:15,third
FNDA:2,toggleBy
FNDA:1,truncate
FNDA:2,uniqueBy
FNDA:8,(anonymous_36)
FNDA:3,unshift
FNDA:2,unshiftOrReplaceBy
FNDA:1,unshiftUnique
FNDA:3,(anonymous_40)
FNDA:23,mixedToReduce
FNDA:58,(anonymous_42)
DA:5,31
DA:6,31
DA:7,31
DA:9,31
DA:17,31
DA:18,1
DA:20,1
DA:22,1
DA:23,4
DA:24,4
DA:27,1
DA:38,31
DA:39,1
DA:88,31
DA:89,14
DA:99,31
DA:100,1
DA:105,1
DA:116,31
DA:121,4
DA:123,4
DA:125,12
DA:135,31
DA:139,2
DA:141,2
DA:151,31
DA:152,56
DA:161,31
DA:162,5
DA:171,31
DA:172,2
DA:183,31
DA:184,5
DA:186,207
DA:188,5
DA:197,31
DA:198,1
DA:209,31
DA:210,611
DA:215,610
DA:226,31
DA:231,10
DA:233,10
DA:235,24
DA:245,31
DA:246,1
DA:256,31
DA:257,3
DA:267,31
DA:271,9
DA:281,31
DA:282,4
DA:293,31
DA:298,2
DA:310,31
DA:311,1
DA:312,3
DA:323,31
DA:324,502
DA:335,31
DA:340,3
DA:342,3
DA:344,12
DA:355,31
DA:360,1
DA:365,1
DA:376,31
DA:381,4
DA:383,4
DA:385,14
DA:394,31
DA:395,3
DA:398,3
DA:400,3
DA:410,31
DA:411,31
DA:421,31
DA:425,6
DA:428,6
DA:430,6
DA:440,31
DA:441,15
DA:452,31
DA:457,2
DA:467,31
DA:469,1
DA:479,31
DA:483,2
DA:486,2
DA:488,2
DA:489,8
DA:491,8
DA:493,6
DA:495,6
DA:506,31
DA:507,3
DA:518,31
DA:523,2
DA:535,31
DA:536,1
DA:537,3
DA:594,23
DA:595,58
LF:103
LH:103
BRDA:141,0,0,1
BRDA:141,0,1,1
BRDA:172,1,0,1
BRDA:172,1,1,1
BRDA:183,2,0,3
BRDA:298,3,0,1
BRDA:298,3,1,1
BRDA:385,4,0,6
BRDA:385,4,1,8
BRDA:457,5,0,1
BRDA:457,5,1,1
BRDA:491,6,0,2
BRDA:523,7,0,1
BRDA:523,7,1,1
BRDA:594,8,0,15
BRDA:594,8,1,8
BRF:16
BRH:16
end_of_record
TN:
SF:src\functions\assertions.ts
FN:28,(anonymous_0)
FN:55,(anonymous_1)
FN:59,(anonymous_2)
FN:87,(anonymous_3)
FN:91,(anonymous_4)
FN:124,(anonymous_5)
FN:128,(anonymous_6)
FN:161,(anonymous_7)
FN:165,(anonymous_8)
FN:177,boolean
FN:191,byGuard
FN:207,callable
FN:220,constructor
FN:233,empty
FN:247,enumeration
FN:262,instanceOf
FN:277,instancesOf
FN:291,numStr
FN:304,number
FN:317,object
FN:330,propertyKey
FN:343,string
FN:356,stringU
FN:369,symbol
FN:382,toBeFalse
FN:395,toBeTrue
FN:408,wrapError
FN:409,(anonymous_27)
FN:420,toError
FNF:29
FNH:29
FNDA:88,(anonymous_0)
FNDA:3,(anonymous_1)
FNDA:3,(anonymous_2)
FNDA:4,(anonymous_3)
FNDA:4,(anonymous_4)
FNDA:5,(anonymous_5)
FNDA:5,(anonymous_6)
FNDA:4,(anonymous_7)
FNDA:4,(anonymous_8)
FNDA:4,boolean
FNDA:1678,byGuard
FNDA:228,callable
FNDA:4,constructor
FNDA:7,empty
FNDA:4,enumeration
FNDA:135,instanceOf
FNDA:3,instancesOf
FNDA:5,numStr
FNDA:5,number
FNDA:24,object
FNDA:6,propertyKey
FNDA:225,string
FNDA:4,stringU
FNDA:2,symbol
FNDA:116,toBeFalse
FNDA:772,toBeTrue
FNDA:3,wrapError
FNDA:3,(anonymous_27)
FNDA:65,toError
DA:1,31
DA:11,31
DA:13,31
DA:15,31
DA:29,88
DA:33,31
DA:56,3
DA:60,3
DA:65,31
DA:88,4
DA:92,4
DA:97,31
DA:125,5
DA:134,5
DA:139,31
DA:162,4
DA:166,4
DA:177,31
DA:181,4
DA:191,31
DA:196,1678
DA:198,65
DA:207,31
DA:211,228
DA:220,31
DA:224,4
DA:233,31
DA:237,7
DA:247,31
DA:252,4
DA:262,31
DA:267,135
DA:277,31
DA:282,3
DA:291,31
DA:295,5
DA:304,31
DA:308,5
DA:317,31
DA:321,24
DA:330,31
DA:334,6
DA:343,31
DA:347,225
DA:356,31
DA:360,4
DA:369,31
DA:373,2
DA:382,31
DA:386,116
DA:395,31
DA:399,772
DA:408,31
DA:409,3
DA:421,65
DA:423,2
DA:427,63
LF:57
LH:57
BRDA:196,0,0,1613
BRDA:196,0,1,65
BRDA:421,1,0,2
BRDA:421,1,1,5
BRDA:421,1,2,63
BRF:5
BRH:5
end_of_record
TN:
SF:src\functions\converters.ts
FN:20,(anonymous_0)
FN:30,emptyToNull
FN:40,emptyToUndefined
FN:51,number
FN:61,numberU
FN:88,string
FN:98,stringU
FNF:7
FNH:7
FNDA:3,(anonymous_0)
FNDA:3,emptyToNull
FNDA:3,emptyToUndefined
FNDA:14,number
FNDA:26,numberU
FNDA:30,string
FNDA:8,stringU
DA:5,31
DA:12,31
DA:21,3
DA:30,31
DA:31,3
DA:40,31
DA:41,3
DA:51,31
DA:52,14
DA:61,31
DA:62,26
DA:64,4
DA:67,4
DA:70,10
DA:72,6
DA:74,6
DA:78,8
DA:88,31
DA:89,30
DA:98,31
DA:99,8
DA:101,8
LF:22
LH:22
BRDA:21,0,0,1
BRDA:21,0,1,2
BRDA:31,1,0,1
BRDA:31,1,1,2
BRDA:41,2,0,1
BRDA:41,2,1,2
BRDA:51,3,0,12
BRDA:52,4,0,14
BRDA:52,4,1,8
BRDA:62,5,0,4
BRDA:62,5,1,4
BRDA:62,5,2,10
BRDA:62,5,3,8
BRDA:70,6,0,4
BRDA:70,7,0,10
BRDA:70,7,1,10
BRDA:70,7,2,8
BRDA:74,8,0,2
BRDA:74,8,1,4
BRDA:89,9,0,28
BRDA:89,9,1,2
BRDA:99,10,0,6
BRDA:99,10,1,2
BRDA:101,11,0,8
BRDA:101,11,1,4
BRF:25
BRH:25
end_of_record
TN:
SF:src\functions\core.ts
FN:38,evaluate
FN:50,freeze
FN:60,indexed
FN:70,overload
FN:80,typedef
FN:90,unfreeze
FNF:6
FNH:6
FNDA:1199,evaluate
FNDA:1,freeze
FNDA:63,indexed
FNDA:248,overload
FNDA:2380,typedef
FNDA:1,unfreeze
DA:3,31
DA:8,31
DA:19,31
DA:38,31
DA:41,1199
DA:50,31
DA:51,1
DA:60,31
DA:61,63
DA:70,31
DA:71,248
DA:80,31
DA:81,2380
DA:90,31
DA:91,1
LF:15
LH:15
BRDA:41,0,0,1198
BRDA:41,0,1,1
BRF:2
BRH:2
end_of_record
TN:
SF:src\functions\function.ts
FN:7,(anonymous_0)
FN:17,identity
FN:27,noopFalse
FN:37,noopTrue
FN:71,pipe
FN:85,valueFromGenerator
FN:95,valueToGenerator
FN:96,(anonymous_7)
FNF:8
FNH:8
FNDA:1,(anonymous_0)
FNDA:3,identity
FNDA:1,noopFalse
FNDA:1,noopTrue
FNDA:1,pipe
FNDA:2,valueFromGenerator
FNDA:4,valueToGenerator
FNDA:2,(anonymous_7)
DA:1,31
DA:2,31
DA:5,31
DA:7,31
DA:8,1
DA:17,31
DA:18,3
DA:27,31
DA:28,1
DA:37,31
DA:38,1
DA:71,31
DA:72,1
DA:74,2
DA:76,1
DA:85,31
DA:86,2
DA:95,31
DA:96,4
LF:19
LH:19
BRDA:86,0,0,1
BRDA:86,0,1,1
BRF:2
BRH:2
end_of_record
TN:
SF:src\functions\guards.ts
FN:26,(anonymous_0)
FN:77,result
FN:78,(anonymous_2)
FN:82,(anonymous_3)
FN:124,result
FN:125,(anonymous_5)
FN:125,(anonymous_6)
FN:132,(anonymous_7)
FN:183,result
FN:184,(anonymous_9)
FN:188,(anonymous_10)
FN:230,result
FN:231,(anonymous_12)
FN:231,(anonymous_13)
FN:244,(anonymous_14)
FN:253,(anonymous_15)
FN:277,(anonymous_16)
FN:287,(anonymous_17)
FN:305,(anonymous_18)
FN:316,(anonymous_19)
FN:321,(anonymous_20)
FN:350,(anonymous_21)
FN:353,(anonymous_22)
FN:383,result
FN:387,(anonymous_24)
FN:390,(anonymous_25)
FN:422,result
FN:429,(anonymous_27)
FN:432,(anonymous_28)
FN:460,(anonymous_29)
FN:469,(anonymous_30)
FN:470,(anonymous_31)
FN:491,(anonymous_32)
FN:554,result
FN:556,(anonymous_34)
FN:561,(anonymous_35)
FN:617,result
FN:618,(anonymous_37)
FN:619,(anonymous_38)
FN:637,(anonymous_39)
FN:666,boolean
FN:676,callable
FN:688,constructor
FN:700,empty
FN:711,enumeration
FN:725,factory
FN:729,(anonymous_46)
FN:739,instanceOf
FN:753,instancesOf
FN:757,(anonymous_49)
FN:766,never
FN:776,numStr
FN:795,number
FN:805,propertyKey
FN:827,string
FN:837,stringU
FN:856,symbol
FN:866,unknown
FN:913,_false
FN:923,_notFactory
FN:924,(anonymous_60)
FN:933,_null
FN:943,_true
FN:953,_undefined
FN:965,checkOptionalProp
FN:983,checkRequiredProp
FNF:66
FNH:66
FNDA:31,(anonymous_0)
FNDA:3,result
FNDA:5,(anonymous_2)
FNDA:31,(anonymous_3)
FNDA:3,result
FNDA:3,(anonymous_5)
FNDA:6,(anonymous_6)
FNDA:31,(anonymous_7)
FNDA:3,result
FNDA:5,(anonymous_9)
FNDA:31,(anonymous_10)
FNDA:685,result
FNDA:13,(anonymous_12)
FNDA:24,(anonymous_13)
FNDA:132,(anonymous_14)
FNDA:14,(anonymous_15)
FNDA:53,(anonymous_16)
FNDA:12,(anonymous_17)
FNDA:74,(anonymous_18)
FNDA:15,(anonymous_19)
FNDA:9,(anonymous_20)
FNDA:47,(anonymous_21)
FNDA:31,(anonymous_22)
FNDA:39,result
FNDA:33,(anonymous_24)
FNDA:31,(anonymous_25)
FNDA:41,result
FNDA:26,(anonymous_27)
FNDA:6,(anonymous_28)
FNDA:66,(anonymous_29)
FNDA:12,(anonymous_30)
FNDA:6,(anonymous_31)
FNDA:31,(anonymous_32)
FNDA:3,result
FNDA:3,(anonymous_34)
FNDA:31,(anonymous_35)
FNDA:34,result
FNDA:5,(anonymous_37)
FNDA:8,(anonymous_38)
FNDA:2,(anonymous_39)
FNDA:24,boolean
FNDA:246,callable
FNDA:14,constructor
FNDA:5015,empty
FNDA:16,enumeration
FNDA:592,factory
FNDA:164,(anonymous_46)
FNDA:141,instanceOf
FNDA:9,instancesOf
FNDA:9,(anonymous_49)
FNDA:3,never
FNDA:10,numStr
FNDA:349,number
FNDA:35,propertyKey
FNDA:620,string
FNDA:9,stringU
FNDA:4,symbol
FNDA:4687,unknown
FNDA:119,_false
FNDA:529,_notFactory
FNDA:4932,(anonymous_60)
FNDA:3,_null
FNDA:775,_true
FNDA:11,_undefined
FNDA:6,checkOptionalProp
FNDA:26,checkRequiredProp
DA:16,31
DA:19,31
DA:20,31
DA:21,31
DA:22,31
DA:25,31
DA:27,31
DA:78,5
DA:83,31
DA:125,6
DA:131,31
DA:133,31
DA:184,5
DA:189,31
DA:231,685
DA:237,31
DA:244,132
DA:254,14
DA:258,31
DA:260,31
DA:262,31
DA:264,31
DA:266,31
DA:268,31
DA:270,31
DA:278,53
DA:288,12
DA:292,31
DA:294,31
DA:296,31
DA:298,31
DA:306,74
DA:321,15
DA:325,31
DA:327,31
DA:329,31
DA:331,31
DA:333,31
DA:335,31
DA:337,31
DA:339,31
DA:341,31
DA:343,31
DA:351,47
DA:354,31
DA:387,39
DA:391,31
DA:427,41
DA:430,26
DA:433,6
DA:441,31
DA:443,31
DA:445,31
DA:447,31
DA:449,31
DA:451,31
DA:453,31
DA:460,66
DA:470,12
DA:474,31
DA:476,31
DA:478,31
DA:480,31
DA:482,31
DA:484,31
DA:486,31
DA:488,31
DA:490,31
DA:492,31
DA:555,3
DA:556,3
DA:562,31
DA:618,34
DA:619,8
DA:625,31
DA:627,31
DA:629,31
DA:637,2
DA:666,31
DA:667,24
DA:676,31
DA:679,246
DA:688,31
DA:691,14
DA:700,31
DA:701,5015
DA:711,31
DA:715,16
DA:725,31
DA:729,592
DA:739,31
DA:743,141
DA:753,31
DA:757,9
DA:766,31
DA:767,3
DA:776,31
DA:777,10
DA:779,4
DA:782,2
DA:785,4
DA:795,31
DA:796,349
DA:805,31
DA:806,35
DA:808,4
DA:811,17
DA:814,2
DA:817,12
DA:827,31
DA:828,620
DA:837,31
DA:838,9
DA:840,4
DA:843,3
DA:846,2
DA:856,31
DA:857,4
DA:866,31
DA:867,4687
DA:914,119
DA:924,4932
DA:934,3
DA:944,775
DA:954,11
DA:970,6
DA:988,26
LF:127
LH:127
BRDA:254,0,0,14
BRDA:254,0,1,10
BRDA:278,1,0,53
BRDA:278,1,1,33
BRDA:288,2,0,12
BRDA:288,2,1,6
BRDA:321,3,0,15
BRDA:321,3,1,9
BRDA:321,4,0,9
BRDA:321,4,1,6
BRDA:351,5,0,47
BRDA:351,5,1,39
BRDA:428,6,0,41
BRDA:428,6,1,22
BRDA:428,6,2,10
BRDA:470,7,0,12
BRDA:470,7,1,6
BRDA:556,8,0,3
BRDA:556,8,1,2
BRDA:619,9,0,5
BRDA:619,9,1,4
BRDA:701,10,0,5015
BRDA:701,10,1,5001
BRDA:757,11,0,9
BRDA:757,11,1,9
BRDA:777,12,0,4
BRDA:777,12,1,2
BRDA:777,12,2,4
BRDA:796,13,0,349
BRDA:796,13,1,52
BRDA:806,14,0,4
BRDA:806,14,1,17
BRDA:806,14,2,2
BRDA:806,14,3,12
BRDA:838,15,0,4
BRDA:838,15,1,3
BRDA:838,15,2,2
BRDA:970,16,0,4
BRDA:970,16,1,2
BRDA:988,17,0,16
BRDA:988,17,1,10
BRF:41
BRH:41
end_of_record
TN:
SF:src\functions\helpers.ts
FN:10,(anonymous_0)
FN:21,classToInterface
FN:27,(anonymous_2)
FN:43,createFacade
FN:50,(anonymous_4)
FN:59,(anonymous_5)
FN:61,(anonymous_6)
FN:62,(anonymous_7)
FN:64,(anonymous_8)
FN:65,(anonymous_9)
FN:66,(anonymous_10)
FN:67,(anonymous_11)
FN:73,target
FN:102,neverDemand
FN:103,(anonymous_14)
FN:114,onDemand
FN:120,(anonymous_16)
FN:121,(anonymous_17)
FN:123,(anonymous_18)
FN:124,(anonymous_19)
FN:125,(anonymous_20)
FN:126,(anonymous_21)
FN:136,obj
FN:151,safeAccess
FN:171,(anonymous_24)
FN:176,(anonymous_25)
FN:182,(anonymous_26)
FN:183,(anonymous_27)
FN:184,(anonymous_28)
FN:185,(anonymous_29)
FN:205,wait
FN:207,(anonymous_31)
FN:220,wrapProxyHandler
FN:228,(anonymous_33)
FN:230,(anonymous_34)
FN:238,(anonymous_35)
FN:240,(anonymous_36)
FN:241,(anonymous_37)
FN:242,(anonymous_38)
FN:244,(anonymous_39)
FN:245,(anonymous_40)
FN:246,(anonymous_41)
FN:247,(anonymous_42)
FN:248,(anonymous_43)
FN:249,(anonymous_44)
FN:250,(anonymous_45)
FN:257,(anonymous_46)
FN:260,(anonymous_47)
FN:263,(anonymous_48)
FN:266,(anonymous_49)
FN:269,(anonymous_50)
FN:272,(anonymous_51)
FN:275,(anonymous_52)
FN:278,(anonymous_53)
FN:281,(anonymous_54)
FN:284,(anonymous_55)
FN:287,(anonymous_56)
FN:290,(anonymous_57)
FN:293,(anonymous_58)
FNF:59
FNH:59
FNDA:31,(anonymous_0)
FNDA:2,classToInterface
FNDA:2,(anonymous_2)
FNDA:138,createFacade
FNDA:4305,(anonymous_4)
FNDA:3,(anonymous_5)
FNDA:4353,(anonymous_6)
FNDA:1,(anonymous_7)
FNDA:1,(anonymous_8)
FNDA:3,(anonymous_9)
FNDA:1,(anonymous_10)
FNDA:4,(anonymous_11)
FNDA:4366,target
FNDA:1,neverDemand
FNDA:1,(anonymous_14)
FNDA:38,onDemand
FNDA:105,(anonymous_16)
FNDA:1,(anonymous_17)
FNDA:1,(anonymous_18)
FNDA:1,(anonymous_19)
FNDA:1,(anonymous_20)
FNDA:1,(anonymous_21)
FNDA:110,obj
FNDA:15,safeAccess
FNDA:3,(anonymous_24)
FNDA:3,(anonymous_25)
FNDA:3,(anonymous_26)
FNDA:1,(anonymous_27)
FNDA:1,(anonymous_28)
FNDA:4,(anonymous_29)
FNDA:2,wait
FNDA:2,(anonymous_31)
FNDA:1299,wrapProxyHandler
FNDA:1,(anonymous_33)
FNDA:1,(anonymous_34)
FNDA:1,(anonymous_35)
FNDA:1,(anonymous_36)
FNDA:2,(anonymous_37)
FNDA:1,(anonymous_38)
FNDA:1,(anonymous_39)
FNDA:1,(anonymous_40)
FNDA:1,(anonymous_41)
FNDA:1,(anonymous_42)
FNDA:1,(anonymous_43)
FNDA:1,(anonymous_44)
FNDA:1,(anonymous_45)
FNDA:1,(anonymous_46)
FNDA:1,(anonymous_47)
FNDA:1,(anonymous_48)
FNDA:1,(anonymous_49)
FNDA:1,(anonymous_50)
FNDA:1,(anonymous_51)
FNDA:1,(anonymous_52)
FNDA:1,(anonymous_53)
FNDA:1,(anonymous_54)
FNDA:1,(anonymous_55)
FNDA:1,(anonymous_56)
FNDA:1,(anonymous_57)
FNDA:1,(anonymous_58)
DA:1,31
DA:2,31
DA:3,31
DA:4,31
DA:5,31
DA:6,31
DA:8,31
DA:10,31
DA:11,31
DA:12,31
DA:21,31
DA:24,2
DA:28,2
DA:30,2
DA:43,31
DA:49,138
DA:51,4305
DA:56,138
DA:60,3
DA:61,4353
DA:63,1
DA:64,1
DA:65,3
DA:66,1
DA:67,4
DA:71,138
DA:74,4366
DA:76,52
DA:78,4
DA:79,4
DA:81,4
DA:86,2
DA:89,2
DA:102,31
DA:103,1
DA:104,1
DA:114,31
DA:117,38
DA:120,105
DA:122,1
DA:123,1
DA:124,1
DA:125,1
DA:127,1
DA:129,1
DA:134,38
DA:137,110
DA:139,109
DA:151,31
DA:160,15
DA:162,15
DA:164,15
DA:166,15
DA:168,15
DA:172,3
DA:174,1
DA:177,3
DA:178,2
DA:180,1
DA:182,3
DA:183,1
DA:184,1
DA:186,4
DA:188,4
DA:189,2
DA:191,1
DA:194,2
DA:205,31
DA:207,2
DA:208,2
DA:220,31
DA:225,1299
DA:227,1095
DA:229,1
DA:231,1
DA:239,1
DA:240,1
DA:241,2
DA:243,1
DA:244,1
DA:245,1
DA:246,1
DA:247,1
DA:248,1
DA:249,1
DA:251,1
DA:256,204
DA:258,1
DA:261,1
DA:264,1
DA:267,1
DA:270,1
DA:273,1
DA:276,1
DA:279,1
DA:282,1
DA:285,1
DA:288,1
DA:291,1
DA:294,1
LF:100
LH:100
BRDA:10,0,0,31
BRDA:10,0,1,31
BRDA:30,1,0,1
BRDA:30,1,1,1
BRDA:74,2,0,4314
BRDA:74,3,0,4366
BRDA:74,3,1,4359
BRDA:76,4,0,48
BRDA:81,5,0,2
BRDA:82,6,0,4
BRDA:82,6,1,4
BRDA:82,6,2,4
BRDA:90,7,0,1
BRDA:90,7,1,1
BRDA:137,8,0,110
BRDA:137,8,1,9
BRDA:158,9,0,1
BRDA:172,10,0,2
BRDA:177,11,0,2
BRDA:188,12,0,2
BRDA:189,13,0,1
BRDA:225,14,0,1095
BRDA:225,14,1,204
BRF:23
BRH:23
end_of_record
TN:
SF:src\functions\index.ts
FNF:0
FNH:0
DA:1,31
DA:2,31
DA:3,31
DA:4,31
DA:5,31
DA:6,31
DA:7,31
DA:8,31
DA:9,31
DA:10,31
DA:11,31
DA:12,31
DA:13,31
DA:14,31
DA:15,31
DA:16,31
DA:17,31
LF:17
LH:17
BRF:0
BRH:0
end_of_record
TN:
SF:src\functions\inline-assertions.ts
FN:30,(anonymous_0)
FN:62,(anonymous_1)
FN:83,(anonymous_2)
FN:143,(anonymous_3)
FN:206,byGuard
FN:219,callable
FN:232,constructor
FN:246,enumeration
FN:263,instanceOf
FN:280,instancesOf
FN:325,factory
FN:333,(anonymous_11)
FN:346,notFactory
FN:356,(anonymous_13)
FNF:14
FNH:14
FNDA:3,(anonymous_0)
FNDA:4,(anonymous_1)
FNDA:5,(anonymous_2)
FNDA:4,(anonymous_3)
FNDA:4698,byGuard
FNDA:8,callable
FNDA:6,constructor
FNDA:4,enumeration
FNDA:3,instanceOf
FNDA:3,instancesOf
FNDA:1612,factory
FNDA:17,(anonymous_11)
FNDA:527,notFactory
FNDA:40,(anonymous_13)
DA:1,31
DA:11,31
DA:12,31
DA:15,31
DA:16,31
DA:17,31
DA:18,31
DA:21,31
DA:31,3
DA:33,2
DA:37,31
DA:39,31
DA:41,31
DA:43,31
DA:45,31
DA:47,31
DA:49,31
DA:51,31
DA:53,31
DA:63,4
DA:65,3
DA:69,31
DA:71,31
DA:73,31
DA:88,5
DA:90,4
DA:94,31
DA:96,31
DA:98,31
DA:100,31
DA:102,31
DA:104,31
DA:106,31
DA:108,31
DA:110,31
DA:112,31
DA:114,31
DA:116,31
DA:118,31
DA:120,31
DA:122,31
DA:124,31
DA:126,31
DA:128,31
DA:130,31
DA:132,31
DA:134,31
DA:144,4
DA:146,3
DA:150,31
DA:152,31
DA:154,31
DA:156,31
DA:158,31
DA:160,31
DA:162,31
DA:164,31
DA:166,31
DA:168,31
DA:170,31
DA:172,31
DA:174,31
DA:176,31
DA:178,31
DA:206,31
DA:207,4698
DA:209,8
DA:219,31
DA:220,8
DA:222,2
DA:232,31
DA:233,6
DA:235,2
DA:246,31
DA:250,4
DA:252,2
DA:263,31
DA:267,3
DA:269,2
DA:280,31
DA:284,3
DA:286,2
DA:311,31
DA:313,31
DA:315,31
DA:317,31
DA:333,1612
DA:334,17
DA:336,7
DA:356,527
DA:357,40
DA:359,2
LF:92
LH:92
BRDA:31,0,0,1
BRDA:63,1,0,1
BRDA:88,2,0,1
BRDA:144,3,0,1
BRDA:207,4,0,4690
BRDA:220,5,0,6
BRDA:233,6,0,4
BRDA:250,7,0,2
BRDA:267,8,0,1
BRDA:284,9,0,1
BRDA:334,10,0,10
BRDA:357,11,0,38
BRF:12
BRH:12
end_of_record
TN:
SF:src\functions\json.ts
FN:16,decode
FN:32,encode
FN:43,eq
FN:54,neq
FN:58,(anonymous_4)
FN:83,replacer
FN:110,reviver
FNF:7
FNH:7
FNDA:10,decode
FNDA:18,encode
FNDA:2,eq
FNDA:2,neq
FNDA:31,(anonymous_4)
FNDA:48,replacer
FNDA:27,reviver
DA:4,31
DA:5,31
DA:6,31
DA:7,31
DA:16,31
DA:17,10
DA:18,10
DA:20,1
DA:23,2
DA:32,31
DA:33,18
DA:43,31
DA:44,2
DA:54,31
DA:55,2
DA:58,31
DA:60,31
DA:62,31
DA:65,31
DA:67,31
DA:69,31
DA:71,31
DA:84,48
DA:86,44
DA:87,2
DA:93,42
DA:94,2
DA:100,40
DA:111,27
DA:113,25
DA:114,4
DA:116,2
DA:119,2
DA:122,21
LF:34
LH:34
BRDA:18,0,0,8
BRDA:58,1,0,31
BRDA:58,1,1,31
BRDA:84,2,0,4
BRDA:86,3,0,2
BRDA:93,4,0,2
BRDA:111,5,0,2
BRDA:113,6,0,4
BRDA:114,7,0,2
BRDA:114,7,1,2
BRF:10
BRH:10
end_of_record
TN:
SF:src\functions\map.ts
FN:11,set
FN:31,_delete
FNF:2
FNH:2
FNDA:1,set
FNDA:1,_delete
DA:1,31
DA:11,31
DA:17,1
DA:19,1
DA:21,1
DA:33,1
DA:35,1
DA:37,1
LF:8
LH:8
BRF:0
BRH:0
end_of_record
TN:
SF:src\functions\number.ts
FN:13,(anonymous_0)
FN:27,(anonymous_1)
FN:40,(anonymous_2)
FN:54,(anonymous_3)
FN:67,(anonymous_4)
FN:81,(anonymous_5)
FN:92,average
FN:106,limit
FN:116,rootMeanSquareDeviation
FN:120,(anonymous_9)
FN:130,sum
FN:131,(anonymous_11)
FNF:12
FNH:12
FNDA:4,(anonymous_0)
FNDA:2,(anonymous_1)
FNDA:4,(anonymous_2)
FNDA:17,(anonymous_3)
FNDA:4,(anonymous_4)
FNDA:2,(anonymous_5)
FNDA:11,average
FNDA:5,limit
FNDA:7,rootMeanSquareDeviation
FNDA:206,(anonymous_9)
FNDA:19,sum
FNDA:424,(anonymous_11)
DA:1,31
DA:2,31
DA:5,31
DA:14,4
DA:16,4
DA:28,2
DA:32,31
DA:41,4
DA:43,4
DA:55,17
DA:59,31
DA:68,4
DA:70,4
DA:82,2
DA:92,31
DA:93,11
DA:95,9
DA:106,31
DA:107,5
DA:116,31
DA:117,7
DA:119,6
DA:120,206
DA:130,31
DA:131,424
LF:25
LH:25
BRDA:27,0,0,2
BRDA:54,1,0,17
BRDA:81,2,0,2
BRF:3
BRH:3
end_of_record
TN:
SF:src\functions\object.ts
FN:71,(anonymous_0)
FN:88,(anonymous_1)
FN:144,(anonymous_2)
FN:153,(anonymous_3)
FN:164,clone
FN:176,every
FN:177,(anonymous_6)
FN:187,filter
FN:222,get
FN:237,getPrototypeOf
FN:251,hasOwnProp
FN:263,map
FN:268,(anonymous_12)
FN:279,omit
FN:314,omitKeys
FN:320,(anonymous_15)
FN:332,prefixKeys
FN:337,(anonymous_17)
FN:352,set
FN:362,size
FN:373,some
FN:374,(anonymous_21)
FN:398,sort
FN:406,(anonymous_23)
FNF:24
FNH:24
FNDA:35,(anonymous_0)
FNDA:96,(anonymous_1)
FNDA:62,(anonymous_2)
FNDA:1,(anonymous_3)
FNDA:1,clone
FNDA:35,every
FNDA:10,(anonymous_6)
FNDA:65,filter
FNDA:5,get
FNDA:2,getPrototypeOf
FNDA:3,hasOwnProp
FNDA:89,map
FNDA:219,(anonymous_12)
FNDA:1,omit
FNDA:1,omitKeys
FNDA:3,(anonymous_15)
FNDA:1,prefixKeys
FNDA:2,(anonymous_17)
FNDA:257,set
FNDA:1,size
FNDA:2,some
FNDA:4,(anonymous_21)
FNDA:3,sort
FNDA:8,(anonymous_23)
DA:1,31
DA:2,31
DA:3,31
DA:15,31
DA:24,31
DA:37,31
DA:43,31
DA:64,31
DA:75,35
DA:77,1455
DA:79,35
DA:92,96
DA:94,238
DA:96,96
DA:101,31
DA:119,31
DA:137,31
DA:145,62
DA:154,1
DA:164,31
DA:166,1
DA:176,31
DA:177,35
DA:187,31
DA:188,65
DA:190,65
DA:191,315
DA:193,65
DA:222,31
DA:228,5
DA:237,31
DA:239,2
DA:241,2
DA:251,31
DA:253,3
DA:263,31
DA:267,89
DA:268,219
DA:279,31
DA:280,1
DA:282,1
DA:283,3
DA:285,2
DA:287,1
DA:314,31
DA:318,1
DA:320,3
DA:322,1
DA:332,31
DA:336,1
DA:337,2
DA:340,1
DA:352,31
DA:353,257
DA:362,31
DA:363,1
DA:373,31
DA:374,4
DA:398,31
DA:402,3
DA:407,8
LF:61
LH:61
BRDA:191,0,0,254
BRDA:225,1,0,2
BRDA:228,2,0,5
BRDA:228,2,1,4
BRDA:241,3,0,1
BRDA:241,3,1,1
BRDA:283,4,0,1
BRDA:283,4,1,2
BRDA:405,5,0,2
BRDA:405,5,1,1
BRF:10
BRH:10
end_of_record
TN:
SF:src\functions\reflect.ts
FN:61,defineMetadata
FN:77,defineMetadataKey
FN:112,get
FN:147,getMetadata
FN:189,getMetadataKey
FN:231,getOwnMetadata
FN:276,getOwnMetadataKey
FN:296,hasMetadata
FN:308,hasMetadataKey
FN:323,hasOwnMetadata
FN:338,hasOwnMetadataKey
FNF:11
FNH:11
FNDA:30,defineMetadata
FNDA:32,defineMetadataKey
FNDA:4671,get
FNDA:4,getMetadata
FNDA:4,getMetadataKey
FNDA:6,getOwnMetadata
FNDA:4,getOwnMetadataKey
FNDA:3,hasMetadata
FNDA:4,hasMetadataKey
FNDA:3,hasOwnMetadata
FNDA:4,hasOwnMetadataKey
DA:1,31
DA:2,31
DA:3,31
DA:14,31
DA:28,31
DA:34,31
DA:36,31
DA:38,31
DA:40,31
DA:42,31
DA:44,31
DA:46,31
DA:48,31
DA:50,31
DA:52,31
DA:61,31
DA:66,30
DA:77,31
DA:83,32
DA:112,31
DA:118,4671
DA:147,31
DA:153,4
DA:189,31
DA:196,4
DA:231,31
DA:237,6
DA:276,31
DA:283,4
DA:296,31
DA:297,3
DA:308,31
DA:313,4
DA:323,31
DA:327,3
DA:338,31
DA:343,4
LF:37
LH:37
BRDA:115,0,0,4668
BRDA:118,1,0,4671
BRDA:118,1,1,22
BRDA:150,2,0,2
BRDA:153,3,0,4
BRDA:153,3,1,2
BRDA:193,4,0,2
BRDA:197,5,0,4
BRDA:197,5,1,2
BRDA:234,6,0,4
BRDA:238,7,0,6
BRDA:238,7,1,4
BRDA:280,8,0,2
BRDA:284,9,0,4
BRDA:284,9,1,3
BRF:15
BRH:15
end_of_record
TN:
SF:src\functions\regexp.ts
FN:11,addFlags
FN:25,matchAll
FNF:2
FNH:2
FNDA:9364,addFlags
FNDA:9362,matchAll
DA:1,31
DA:11,31
DA:12,9364
DA:15,9364
DA:25,31
DA:26,9362
DA:28,9362
DA:30,9362
DA:32,9362
DA:33,56
DA:34,56
DA:37,9362
LF:12
LH:12
BRDA:15,0,0,2
BRDA:15,0,1,9362
BRF:2
BRH:2
end_of_record
TN:
SF:src\functions\set.ts
FN:10,add
FN:26,_delete
FNF:2
FNH:2
FNDA:1,add
FNDA:1,_delete
DA:1,31
DA:10,31
DA:12,1
DA:14,1
DA:16,1
DA:28,1
DA:30,1
DA:32,1
LF:8
LH:8
BRF:0
BRH:0
end_of_record
TN:
SF:src\functions\string.ts
FN:6,(anonymous_0)
FN:13,(anonymous_1)
FN:20,addLeadingSlash
FN:33,addTrailingSlash
FN:46,canonicalize
FN:59,join
FN:69,removeLeadingSlash
FN:82,removeTrailingSlash
FN:96,detectEol
FN:106,empty
FN:117,escapeRegExpSpecialChars
FN:127,firstLine
FN:137,lcFirst
FN:147,leadingSpaces
FN:157,lines
FN:167,multiline
FN:179,replaceAll
FN:198,replacePairs
FN:216,singleLine
FN:226,trailingSpaces
FN:236,trimEnd
FN:246,trimLeadingEmptyLines
FN:258,trimStart
FN:268,trimTrailingEmptyLines
FN:280,ucFirst
FN:290,unpadMultiline
FNF:26
FNH:26
FNDA:31,(anonymous_0)
FNDA:31,(anonymous_1)
FNDA:5,addLeadingSlash
FNDA:5,addTrailingSlash
FNDA:26,canonicalize
FNDA:4,join
FNDA:10,removeLeadingSlash
FNDA:10,removeTrailingSlash
FNDA:5,detectEol
FNDA:2,empty
FNDA:6,escapeRegExpSpecialChars
FNDA:1,firstLine
FNDA:1869,lcFirst
FNDA:8,leadingSpaces
FNDA:16,lines
FNDA:2,multiline
FNDA:5,replaceAll
FNDA:1,replacePairs
FNDA:2,singleLine
FNDA:8,trailingSpaces
FNDA:17,trimEnd
FNDA:7,trimLeadingEmptyLines
FNDA:17,trimStart
FNDA:7,trimTrailingEmptyLines
FNDA:1869,ucFirst
FNDA:3,unpadMultiline
DA:3,31
DA:6,31
DA:8,31
DA:10,31
DA:13,31
DA:20,31
DA:24,5
DA:33,31
DA:37,5
DA:46,31
DA:50,26
DA:59,31
DA:60,4
DA:69,31
DA:73,10
DA:82,31
DA:86,10
DA:96,31
DA:97,5
DA:106,31
DA:107,2
DA:117,31
DA:118,6
DA:127,31
DA:128,1
DA:137,31
DA:138,1869
DA:147,31
DA:148,8
DA:157,31
DA:158,16
DA:167,31
DA:168,2
DA:179,31
DA:184,5
DA:198,31
DA:202,1
DA:204,1
DA:205,2
DA:207,1
DA:216,31
DA:217,2
DA:226,31
DA:227,8
DA:236,31
DA:237,17
DA:246,31
DA:247,7
DA:249,7
DA:258,31
DA:259,17
DA:268,31
DA:269,7
DA:271,7
DA:280,31
DA:281,1869
DA:290,31
DA:291,3
DA:293,3
LF:59
LH:59
BRDA:6,0,0,31
BRDA:6,0,1,31
BRDA:13,1,0,31
BRDA:13,1,1,31
BRDA:97,2,0,3
BRDA:97,2,1,2
BRDA:138,3,0,1868
BRDA:138,3,1,1
BRDA:281,4,0,1868
BRDA:281,4,1,1
BRDA:293,5,0,2
BRDA:293,5,1,1
BRF:12
BRH:12
end_of_record
TN:
SF:src\functions\errors\AssertionError.ts
FN:9,(anonymous_0)
FNF:1
FNH:1
FNDA:208,(anonymous_0)
DA:1,31
DA:2,208
DA:10,208
LF:3
LH:3
BRDA:9,0,0,195
BRF:1
BRH:1
end_of_record
TN:
SF:src\functions\errors\ConversionError.ts
FN:9,(anonymous_0)
FNF:1
FNH:1
FNDA:2,(anonymous_0)
DA:1,31
DA:2,2
DA:10,2
LF:3
LH:3
BRDA:9,0,0,1
BRF:1
BRH:1
end_of_record
TN:
SF:src\functions\errors\InternalError.ts
FN:9,(anonymous_0)
FNF:1
FNH:1
FNDA:2,(anonymous_0)
DA:1,31
DA:2,2
DA:10,2
LF:3
LH:3
BRDA:9,0,0,1
BRF:1
BRH:1
end_of_record
TN:
SF:src\functions\errors\index.ts
FN:1,(anonymous_0)
FN:2,(anonymous_1)
FN:3,(anonymous_2)
FNF:3
FNH:3
FNDA:208,(anonymous_0)
FNDA:2,(anonymous_1)
FNDA:2,(anonymous_2)
DA:1,239
DA:2,33
DA:3,33
LF:3
LH:3
BRF:0
BRH:0
end_of_record
TN:
SF:src\test-utils\expect.ts
FN:16,buildEqualsResult
FN:28,factory
FN:45,buildResult
FN:50,(anonymous_3)
FNF:4
FNH:4
FNDA:376,buildEqualsResult
FNDA:8,factory
FNDA:2,buildResult
FNDA:2,(anonymous_3)
DA:1,31
DA:4,31
DA:16,31
DA:23,376
DA:29,8
DA:33,8
DA:45,31
DA:50,2
LF:8
LH:8
BRDA:21,0,0,372
BRDA:24,1,0,3
BRDA:24,1,1,373
BRDA:29,2,0,7
BRDA:29,2,1,1
BRDA:50,3,0,1
BRDA:50,3,1,1
BRF:7
BRH:7
end_of_record
TN:
SF:src\test-utils\fake-timers.ts
FN:6,(anonymous_0)
FN:17,installFakeTimer
FN:35,run
FN:44,setRandomSystemTime
FN:46,(anonymous_4)
FNF:5
FNH:5
FNDA:2,(anonymous_0)
FNDA:4,installFakeTimer
FNDA:2,run
FNDA:100,setRandomSystemTime
FNDA:100,(anonymous_4)
DA:1,31
DA:2,31
DA:3,31
DA:6,31
DA:7,2
DA:9,2
DA:17,31
DA:18,4
DA:19,4
DA:35,31
DA:36,2
DA:38,2
DA:44,31
DA:45,100
DA:47,100
DA:49,100
DA:50,100
DA:51,100
DA:52,100
DA:53,100
DA:54,100
DA:56,100
LF:22
LH:22
BRDA:17,0,0,4
BRF:1
BRH:1
end_of_record
TN:
SF:src\test-utils\index.ts
FNF:0
FNH:0
DA:1,31
DA:2,31
DA:3,31
LF:3
LH:3
BRF:0
BRH:0
end_of_record
TN:
SF:src\test-utils\jest.internal.ts
FN:25,(anonymous_0)
FN:39,(anonymous_1)
FN:64,(anonymous_2)
FN:82,(anonymous_3)
FN:97,(anonymous_4)
FN:122,(anonymous_5)
FN:147,isMock
FNF:7
FNH:7
FNDA:130,(anonymous_0)
FNDA:222,(anonymous_1)
FNDA:2,(anonymous_2)
FNDA:2,(anonymous_3)
FNDA:2,(anonymous_4)
FNDA:16,(anonymous_5)
FNDA:2,isMock
DA:2,31
DA:3,31
DA:8,31
DA:9,31
DA:12,31
DA:15,31
DA:17,31
DA:26,130
DA:28,130
DA:30,130
DA:32,130
DA:40,222
DA:42,222
DA:43,222
DA:45,112
DA:47,112
DA:54,110
DA:56,110
DA:65,2
DA:67,2
DA:69,2
DA:71,2
DA:73,2
DA:75,2
DA:83,2
DA:85,2
DA:93,2
DA:95,2
DA:98,2
DA:100,2
DA:101,2
DA:103,1
DA:105,1
DA:112,1
DA:114,1
DA:123,16
DA:125,16
DA:150,2
LF:38
LH:38
BRDA:39,0,0,112
BRDA:64,1,0,2
BRDA:97,2,0,1
BRF:3
BRH:3
end_of_record
TN:
SF:src\test-utils\jest.ts
FN:80,(anonymous_0)
FN:100,(anonymous_1)
FN:110,(anonymous_2)
FN:117,errorMock
FN:123,warnMock
FN:135,(anonymous_5)
FNF:6
FNH:6
FNDA:1074,(anonymous_0)
FNDA:1074,(anonymous_1)
FNDA:31,(anonymous_2)
FNDA:1,errorMock
FNDA:1,warnMock
FNDA:31,(anonymous_5)
DA:1,31
DA:3,31
DA:9,31
DA:10,31
DA:11,31
DA:13,31
DA:76,31
DA:81,1074
DA:82,1074
DA:83,1074
DA:84,1074
DA:85,1074
DA:101,1074
DA:106,31
DA:111,31
DA:112,31
DA:113,31
DA:114,31
DA:115,31
DA:118,1
DA:120,1
DA:124,1
DA:126,1
DA:136,31
LF:24
LH:24
BRF:0
BRH:0
end_of_record
TN:
SF:src\types\index.ts
FNF:0
FNH:0
DA:3,31
DA:4,31
DA:5,31
LF:3
LH:3
BRF:0
BRH:0
end_of_record
TN:
SF:src\types\index.types.object.ts
FNF:0
FNH:0
DA:1,31
DA:2,31
DA:3,31
LF:3
LH:3
BRF:0
BRH:0
end_of_record
TN:
SF:src\types\index.types.ts
FNF:0
FNH:0
DA:1,31
DA:2,31
DA:3,31
LF:3
LH:3
BRF:0
BRH:0
end_of_record
